{"C:\\Users\\KIIT\\Downloads\\chubb_workspace\\flightapp-docker\\flight-booking-app\\src\\app\\app.html": {"path":"C:\\Users\\KIIT\\Downloads\\chubb_workspace\\flightapp-docker\\flight-booking-app\\src\\app\\app.html","statementMap":{"0":{"start":{"line":1,"column":0},"end":{"line":1,"column":null}}},"fnMap":{},"branchMap":{},"s":{"0":1},"f":{},"b":{},"meta":{"lastBranch":0,"lastFunction":0,"lastStatement":1,"seen":{"s:1:0:1:Infinity":0}}}
,"C:\\Users\\KIIT\\Downloads\\chubb_workspace\\flightapp-docker\\flight-booking-app\\src\\app\\app.ts": {"path":"C:\\Users\\KIIT\\Downloads\\chubb_workspace\\flightapp-docker\\flight-booking-app\\src\\app\\app.ts","statementMap":{"0":{"start":{"line":10,"column":21},"end":{"line":10,"column":null}},"1":{"start":{"line":9,"column":13},"end":{"line":9,"column":null}}},"fnMap":{},"branchMap":{"0":{"loc":{"start":{"line":10,"column":56},"end":{"line":10,"column":null}},"type":"cond-expr","locations":[{"start":{"line":10,"column":56},"end":{"line":10,"column":null}},{"start":{"line":10,"column":56},"end":{"line":10,"column":null}}],"line":10},"1":{"loc":{"start":{"line":9,"column":13},"end":{"line":9,"column":16}},"type":"binary-expr","locations":[{"start":{"line":9,"column":13},"end":{"line":9,"column":16}},{"start":{"line":9,"column":13},"end":{"line":9,"column":16}}],"line":9},"2":{"loc":{"start":{"line":9,"column":13},"end":{"line":9,"column":null}},"type":"binary-expr","locations":[{"start":{"line":9,"column":13},"end":{"line":9,"column":16}},{"start":{"line":9,"column":13},"end":{"line":9,"column":16}},{"start":{"line":9,"column":13},"end":{"line":9,"column":null}}],"line":9}},"s":{"0":1,"1":1},"f":{},"b":{"0":[1,0],"1":[1,1],"2":[1,1,1]},"meta":{"lastBranch":3,"lastFunction":0,"lastStatement":2,"seen":{"s:10:21:10:Infinity":0,"b:10:56:10:Infinity:10:56:10:Infinity":0,"s:9:13:9:Infinity":1,"b:9:13:9:16:9:13:9:16":1,"b:9:13:9:16:9:13:9:16:9:13:9:Infinity":2}}}
,"C:\\Users\\KIIT\\Downloads\\chubb_workspace\\flightapp-docker\\flight-booking-app\\src\\app\\components\\flight-search\\flight-search.html": {"path":"C:\\Users\\KIIT\\Downloads\\chubb_workspace\\flightapp-docker\\flight-booking-app\\src\\app\\components\\flight-search\\flight-search.html","statementMap":{"0":{"start":{"line":44,"column":12},"end":{"line":44,"column":40}},"1":{"start":{"line":45,"column":14},"end":{"line":45,"column":null}},"2":{"start":{"line":46,"column":12},"end":{"line":46,"column":null}},"3":{"start":{"line":64,"column":12},"end":{"line":64,"column":40}},"4":{"start":{"line":65,"column":14},"end":{"line":65,"column":null}},"5":{"start":{"line":66,"column":12},"end":{"line":66,"column":null}},"6":{"start":{"line":82,"column":12},"end":{"line":82,"column":40}},"7":{"start":{"line":83,"column":14},"end":{"line":83,"column":null}},"8":{"start":{"line":84,"column":12},"end":{"line":84,"column":null}},"9":{"start":{"line":89,"column":14},"end":{"line":89,"column":20}},"10":{"start":{"line":90,"column":16},"end":{"line":90,"column":null}},"11":{"start":{"line":91,"column":14},"end":{"line":91,"column":null}},"12":{"start":{"line":92,"column":14},"end":{"line":92,"column":21}},"13":{"start":{"line":92,"column":37},"end":{"line":92,"column":51}},"14":{"start":{"line":92,"column":51},"end":{"line":92,"column":null}},"15":{"start":{"line":93,"column":14},"end":{"line":93,"column":21}},"16":{"start":{"line":94,"column":16},"end":{"line":94,"column":null}},"17":{"start":{"line":95,"column":18},"end":{"line":95,"column":null}},"18":{"start":{"line":96,"column":16},"end":{"line":96,"column":null}},"19":{"start":{"line":97,"column":16},"end":{"line":97,"column":null}},"20":{"start":{"line":98,"column":14},"end":{"line":98,"column":null}},"21":{"start":{"line":107,"column":4},"end":{"line":107,"column":37}},"22":{"start":{"line":108,"column":6},"end":{"line":108,"column":null}},"23":{"start":{"line":109,"column":4},"end":{"line":109,"column":null}},"24":{"start":{"line":111,"column":4},"end":{"line":111,"column":29}},"25":{"start":{"line":112,"column":6},"end":{"line":112,"column":null}},"26":{"start":{"line":113,"column":8},"end":{"line":113,"column":null}},"27":{"start":{"line":114,"column":6},"end":{"line":114,"column":null}},"28":{"start":{"line":115,"column":6},"end":{"line":115,"column":10}},"29":{"start":{"line":115,"column":10},"end":{"line":115,"column":26}},"30":{"start":{"line":115,"column":26},"end":{"line":115,"column":null}},"31":{"start":{"line":116,"column":6},"end":{"line":116,"column":9}},"32":{"start":{"line":116,"column":9},"end":{"line":116,"column":43}},"33":{"start":{"line":116,"column":43},"end":{"line":116,"column":null}},"34":{"start":{"line":122,"column":6},"end":{"line":124,"column":null}},"35":{"start":{"line":126,"column":14},"end":{"line":126,"column":null}},"36":{"start":{"line":127,"column":16},"end":{"line":127,"column":null}},"37":{"start":{"line":128,"column":14},"end":{"line":128,"column":null}},"38":{"start":{"line":130,"column":12},"end":{"line":130,"column":null}},"39":{"start":{"line":131,"column":18},"end":{"line":131,"column":38}},"40":{"start":{"line":131,"column":38},"end":{"line":131,"column":null}},"41":{"start":{"line":132,"column":14},"end":{"line":132,"column":39}},"42":{"start":{"line":132,"column":39},"end":{"line":132,"column":64}},"43":{"start":{"line":132,"column":64},"end":{"line":133,"column":null}},"44":{"start":{"line":135,"column":10},"end":{"line":135,"column":36}},"45":{"start":{"line":136,"column":12},"end":{"line":136,"column":null}},"46":{"start":{"line":137,"column":10},"end":{"line":137,"column":null}},"47":{"start":{"line":140,"column":8},"end":{"line":142,"column":null}},"48":{"start":{"line":143,"column":36},"end":{"line":143,"column":55}},"49":{"start":{"line":143,"column":55},"end":{"line":143,"column":null}},"50":{"start":{"line":144,"column":14},"end":{"line":144,"column":36}},"51":{"start":{"line":144,"column":36},"end":{"line":144,"column":78}},"52":{"start":{"line":144,"column":78},"end":{"line":144,"column":null}},"53":{"start":{"line":147,"column":12},"end":{"line":147,"column":null}},"54":{"start":{"line":148,"column":36},"end":{"line":148,"column":101}},"55":{"start":{"line":148,"column":101},"end":{"line":148,"column":null}},"56":{"start":{"line":149,"column":14},"end":{"line":149,"column":null}},"57":{"start":{"line":150,"column":16},"end":{"line":150,"column":null}},"58":{"start":{"line":152,"column":16},"end":{"line":152,"column":null}},"59":{"start":{"line":153,"column":18},"end":{"line":153,"column":null}},"60":{"start":{"line":154,"column":16},"end":{"line":154,"column":null}},"61":{"start":{"line":155,"column":16},"end":{"line":155,"column":null}},"62":{"start":{"line":157,"column":14},"end":{"line":157,"column":null}},"63":{"start":{"line":160,"column":12},"end":{"line":160,"column":null}},"64":{"start":{"line":161,"column":36},"end":{"line":161,"column":60}},"65":{"start":{"line":161,"column":60},"end":{"line":161,"column":null}},"66":{"start":{"line":162,"column":14},"end":{"line":162,"column":36}},"67":{"start":{"line":162,"column":36},"end":{"line":162,"column":76}},"68":{"start":{"line":162,"column":76},"end":{"line":163,"column":null}},"69":{"start":{"line":166,"column":10},"end":{"line":166,"column":null}},"70":{"start":{"line":168,"column":14},"end":{"line":168,"column":null}},"71":{"start":{"line":169,"column":16},"end":{"line":169,"column":null}},"72":{"start":{"line":170,"column":14},"end":{"line":170,"column":null}},"73":{"start":{"line":171,"column":14},"end":{"line":171,"column":20}},"74":{"start":{"line":171,"column":20},"end":{"line":171,"column":53}},"75":{"start":{"line":171,"column":53},"end":{"line":171,"column":null}},"76":{"start":{"line":173,"column":12},"end":{"line":173,"column":null}},"77":{"start":{"line":174,"column":37},"end":{"line":174,"column":38}},"78":{"start":{"line":174,"column":38},"end":{"line":174,"column":null}},"79":{"start":{"line":175,"column":14},"end":{"line":175,"column":35}},"80":{"start":{"line":175,"column":35},"end":{"line":175,"column":70}},"81":{"start":{"line":175,"column":70},"end":{"line":177,"column":null}},"82":{"start":{"line":180,"column":8},"end":{"line":180,"column":null}},"83":{"start":{"line":181,"column":35},"end":{"line":181,"column":43}},"84":{"start":{"line":181,"column":43},"end":{"line":182,"column":null}},"85":{"start":{"line":135,"column":36},"end":{"line":135,"column":null}},"86":{"start":{"line":119,"column":4},"end":{"line":119,"column":null}},"87":{"start":{"line":120,"column":10},"end":{"line":120,"column":50}},"88":{"start":{"line":120,"column":50},"end":{"line":120,"column":null}},"89":{"start":{"line":122,"column":6},"end":{"line":122,"column":50}},"90":{"start":{"line":184,"column":4},"end":{"line":184,"column":null}},"91":{"start":{"line":122,"column":50},"end":{"line":122,"column":62}},"92":{"start":{"line":106,"column":2},"end":{"line":106,"column":32}},"93":{"start":{"line":107,"column":4},"end":{"line":111,"column":null}},"94":{"start":{"line":185,"column":2},"end":{"line":185,"column":null}},"95":{"start":{"line":107,"column":37},"end":{"line":107,"column":50}},"96":{"start":{"line":111,"column":29},"end":{"line":111,"column":79}},"97":{"start":{"line":119,"column":31},"end":{"line":119,"column":57}},"98":{"start":{"line":1,"column":0},"end":{"line":3,"column":null}},"99":{"start":{"line":5,"column":8},"end":{"line":5,"column":null}},"100":{"start":{"line":6,"column":10},"end":{"line":6,"column":null}},"101":{"start":{"line":7,"column":8},"end":{"line":7,"column":null}},"102":{"start":{"line":8,"column":8},"end":{"line":8,"column":14}},"103":{"start":{"line":8,"column":14},"end":{"line":8,"column":28}},"104":{"start":{"line":8,"column":28},"end":{"line":8,"column":null}},"105":{"start":{"line":10,"column":6},"end":{"line":10,"column":null}},"106":{"start":{"line":11,"column":30},"end":{"line":11,"column":67}},"107":{"start":{"line":11,"column":67},"end":{"line":11,"column":null}},"108":{"start":{"line":12,"column":8},"end":{"line":12,"column":35}},"109":{"start":{"line":12,"column":35},"end":{"line":12,"column":null}},"110":{"start":{"line":12,"column":35},"end":{"line":12,"column":52}},"111":{"start":{"line":13,"column":10},"end":{"line":13,"column":null}},"112":{"start":{"line":14,"column":12},"end":{"line":14,"column":null}},"113":{"start":{"line":15,"column":10},"end":{"line":15,"column":null}},"114":{"start":{"line":16,"column":10},"end":{"line":16,"column":null}},"115":{"start":{"line":17,"column":8},"end":{"line":19,"column":null}},"116":{"start":{"line":22,"column":2},"end":{"line":23,"column":null}},"117":{"start":{"line":24,"column":10},"end":{"line":24,"column":24}},"118":{"start":{"line":24,"column":24},"end":{"line":24,"column":null}},"119":{"start":{"line":25,"column":6},"end":{"line":25,"column":26}},"120":{"start":{"line":25,"column":26},"end":{"line":25,"column":66}},"121":{"start":{"line":25,"column":66},"end":{"line":25,"column":null}},"122":{"start":{"line":27,"column":6},"end":{"line":27,"column":12}},"123":{"start":{"line":27,"column":37},"end":{"line":27,"column":null}},"124":{"start":{"line":27,"column":37},"end":{"line":27,"column":59}},"125":{"start":{"line":28,"column":8},"end":{"line":29,"column":null}},"126":{"start":{"line":31,"column":14},"end":{"line":31,"column":null}},"127":{"start":{"line":32,"column":16},"end":{"line":32,"column":null}},"128":{"start":{"line":34,"column":14},"end":{"line":34,"column":null}},"129":{"start":{"line":35,"column":14},"end":{"line":35,"column":null}},"130":{"start":{"line":36,"column":12},"end":{"line":36,"column":null}},"131":{"start":{"line":37,"column":12},"end":{"line":37,"column":null}},"132":{"start":{"line":47,"column":10},"end":{"line":47,"column":null}},"133":{"start":{"line":49,"column":10},"end":{"line":49,"column":null}},"134":{"start":{"line":51,"column":14},"end":{"line":51,"column":null}},"135":{"start":{"line":52,"column":16},"end":{"line":52,"column":null}},"136":{"start":{"line":54,"column":14},"end":{"line":54,"column":null}},"137":{"start":{"line":55,"column":14},"end":{"line":55,"column":null}},"138":{"start":{"line":56,"column":12},"end":{"line":56,"column":null}},"139":{"start":{"line":57,"column":12},"end":{"line":57,"column":null}},"140":{"start":{"line":67,"column":10},"end":{"line":67,"column":null}},"141":{"start":{"line":69,"column":10},"end":{"line":69,"column":null}},"142":{"start":{"line":71,"column":14},"end":{"line":71,"column":null}},"143":{"start":{"line":72,"column":16},"end":{"line":72,"column":null}},"144":{"start":{"line":73,"column":14},"end":{"line":73,"column":null}},"145":{"start":{"line":74,"column":14},"end":{"line":74,"column":null}},"146":{"start":{"line":75,"column":12},"end":{"line":75,"column":null}},"147":{"start":{"line":76,"column":12},"end":{"line":76,"column":null}},"148":{"start":{"line":85,"column":10},"end":{"line":85,"column":null}},"149":{"start":{"line":87,"column":10},"end":{"line":87,"column":null}},"150":{"start":{"line":89,"column":14},"end":{"line":92,"column":51}},"151":{"start":{"line":99,"column":12},"end":{"line":103,"column":null}},"152":{"start":{"line":186,"column":0},"end":{"line":186,"column":null}},"153":{"start":{"line":27,"column":12},"end":{"line":27,"column":37}},"154":{"start":{"line":42,"column":14},"end":{"line":42,"column":null}},"155":{"start":{"line":44,"column":40},"end":{"line":44,"column":null}},"156":{"start":{"line":62,"column":14},"end":{"line":62,"column":null}},"157":{"start":{"line":64,"column":40},"end":{"line":64,"column":null}},"158":{"start":{"line":80,"column":14},"end":{"line":80,"column":null}},"159":{"start":{"line":82,"column":40},"end":{"line":82,"column":null}},"160":{"start":{"line":88,"column":53},"end":{"line":88,"column":null}},"161":{"start":{"line":89,"column":20},"end":{"line":89,"column":125}},"162":{"start":{"line":92,"column":21},"end":{"line":92,"column":37}},"163":{"start":{"line":93,"column":21},"end":{"line":93,"column":null}},"164":{"start":{"line":106,"column":32},"end":{"line":106,"column":null}}},"fnMap":{"0":{"name":"FlightSearch_Template_button_click_11_listener","decl":{"start":{"line":12,"column":35},"end":{"line":12,"column":44}},"loc":{"start":{"line":12,"column":35},"end":{"line":12,"column":null}},"line":12},"1":{"name":"FlightSearch_Template_form_ngSubmit_21_listener","decl":{"start":{"line":27,"column":37},"end":{"line":27,"column":49}},"loc":{"start":{"line":27,"column":37},"end":{"line":27,"column":null}},"line":27}},"branchMap":{"0":{"loc":{"start":{"line":111,"column":29},"end":{"line":111,"column":79}},"type":"binary-expr","locations":[{"start":{"line":111,"column":29},"end":{"line":111,"column":79}},{"start":{"line":111,"column":29},"end":{"line":111,"column":79}},{"start":{"line":111,"column":29},"end":{"line":111,"column":79}}],"line":111},"1":{"loc":{"start":{"line":11,"column":30},"end":{"line":11,"column":67}},"type":"cond-expr","locations":[{"start":{"line":11,"column":30},"end":{"line":11,"column":67}},{"start":{"line":11,"column":30},"end":{"line":11,"column":67}}],"line":11},"2":{"loc":{"start":{"line":42,"column":14},"end":{"line":42,"column":null}},"type":"binary-expr","locations":[{"start":{"line":42,"column":14},"end":{"line":42,"column":null}},{"start":{"line":42,"column":14},"end":{"line":42,"column":null}}],"line":42},"3":{"loc":{"start":{"line":44,"column":40},"end":{"line":44,"column":null}},"type":"binary-expr","locations":[{"start":{"line":44,"column":40},"end":{"line":44,"column":null}},{"start":{"line":44,"column":40},"end":{"line":44,"column":null}}],"line":44},"4":{"loc":{"start":{"line":62,"column":14},"end":{"line":62,"column":null}},"type":"binary-expr","locations":[{"start":{"line":62,"column":14},"end":{"line":62,"column":null}},{"start":{"line":62,"column":14},"end":{"line":62,"column":null}}],"line":62},"5":{"loc":{"start":{"line":64,"column":40},"end":{"line":64,"column":null}},"type":"binary-expr","locations":[{"start":{"line":64,"column":40},"end":{"line":64,"column":null}},{"start":{"line":64,"column":40},"end":{"line":64,"column":null}}],"line":64},"6":{"loc":{"start":{"line":80,"column":14},"end":{"line":80,"column":null}},"type":"binary-expr","locations":[{"start":{"line":80,"column":14},"end":{"line":80,"column":null}},{"start":{"line":80,"column":14},"end":{"line":80,"column":null}}],"line":80},"7":{"loc":{"start":{"line":82,"column":40},"end":{"line":82,"column":null}},"type":"binary-expr","locations":[{"start":{"line":82,"column":40},"end":{"line":82,"column":null}},{"start":{"line":82,"column":40},"end":{"line":82,"column":null}}],"line":82}},"s":{"0":25,"1":0,"2":0,"3":25,"4":0,"5":0,"6":25,"7":0,"8":0,"9":25,"10":25,"11":25,"12":25,"13":25,"14":25,"15":0,"16":0,"17":0,"18":0,"19":0,"20":0,"21":0,"22":0,"23":0,"24":0,"25":0,"26":0,"27":0,"28":0,"29":0,"30":0,"31":0,"32":0,"33":0,"34":0,"35":0,"36":0,"37":0,"38":0,"39":0,"40":0,"41":0,"42":0,"43":0,"44":0,"45":0,"46":0,"47":0,"48":0,"49":0,"50":0,"51":0,"52":0,"53":0,"54":0,"55":0,"56":0,"57":0,"58":0,"59":0,"60":0,"61":0,"62":0,"63":0,"64":0,"65":0,"66":0,"67":0,"68":0,"69":0,"70":0,"71":0,"72":0,"73":0,"74":0,"75":0,"76":0,"77":0,"78":0,"79":0,"80":0,"81":0,"82":0,"83":0,"84":0,"85":0,"86":0,"87":0,"88":0,"89":0,"90":0,"91":0,"92":25,"93":0,"94":0,"95":0,"96":0,"97":0,"98":25,"99":25,"100":25,"101":25,"102":25,"103":25,"104":25,"105":25,"106":50,"107":25,"108":25,"109":25,"110":0,"111":25,"112":25,"113":25,"114":25,"115":25,"116":25,"117":25,"118":25,"119":25,"120":25,"121":25,"122":25,"123":25,"124":0,"125":25,"126":25,"127":25,"128":25,"129":25,"130":25,"131":25,"132":25,"133":25,"134":25,"135":25,"136":25,"137":25,"138":25,"139":25,"140":25,"141":25,"142":25,"143":25,"144":25,"145":25,"146":25,"147":25,"148":25,"149":25,"150":25,"151":25,"152":25,"153":50,"154":50,"155":50,"156":50,"157":50,"158":50,"159":50,"160":50,"161":50,"162":50,"163":50,"164":50},"f":{"0":0,"1":0},"b":{"0":[0,0,0],"1":[0,50],"2":[50,0],"3":[50,0],"4":[50,0],"5":[50,0],"6":[50,0],"7":[50,0]},"meta":{"lastBranch":8,"lastFunction":2,"lastStatement":165,"seen":{"s:44:12:44:40":0,"s:45:14:45:Infinity":1,"s:46:12:46:Infinity":2,"s:64:12:64:40":3,"s:65:14:65:Infinity":4,"s:66:12:66:Infinity":5,"s:82:12:82:40":6,"s:83:14:83:Infinity":7,"s:84:12:84:Infinity":8,"s:89:14:89:20":9,"s:90:16:90:Infinity":10,"s:91:14:91:Infinity":11,"s:92:14:92:21":12,"s:92:37:92:51":13,"s:92:51:92:Infinity":14,"s:93:14:93:21":15,"s:94:16:94:Infinity":16,"s:95:18:95:Infinity":17,"s:96:16:96:Infinity":18,"s:97:16:97:Infinity":19,"s:98:14:98:Infinity":20,"s:107:4:107:37":21,"s:108:6:108:Infinity":22,"s:109:4:109:Infinity":23,"s:111:4:111:29":24,"s:112:6:112:Infinity":25,"s:113:8:113:Infinity":26,"s:114:6:114:Infinity":27,"s:115:6:115:10":28,"s:115:10:115:26":29,"s:115:26:115:Infinity":30,"s:116:6:116:9":31,"s:116:9:116:43":32,"s:116:43:116:Infinity":33,"s:122:6:124:Infinity":34,"s:126:14:126:Infinity":35,"s:127:16:127:Infinity":36,"s:128:14:128:Infinity":37,"s:130:12:130:Infinity":38,"s:131:18:131:38":39,"s:131:38:131:Infinity":40,"s:132:14:132:39":41,"s:132:39:132:64":42,"s:132:64:133:Infinity":43,"s:135:10:135:36":44,"s:136:12:136:Infinity":45,"s:137:10:137:Infinity":46,"s:140:8:142:Infinity":47,"s:143:36:143:55":48,"s:143:55:143:Infinity":49,"s:144:14:144:36":50,"s:144:36:144:78":51,"s:144:78:144:Infinity":52,"s:147:12:147:Infinity":53,"s:148:36:148:101":54,"s:148:101:148:Infinity":55,"s:149:14:149:Infinity":56,"s:150:16:150:Infinity":57,"s:152:16:152:Infinity":58,"s:153:18:153:Infinity":59,"s:154:16:154:Infinity":60,"s:155:16:155:Infinity":61,"s:157:14:157:Infinity":62,"s:160:12:160:Infinity":63,"s:161:36:161:60":64,"s:161:60:161:Infinity":65,"s:162:14:162:36":66,"s:162:36:162:76":67,"s:162:76:163:Infinity":68,"s:166:10:166:Infinity":69,"s:168:14:168:Infinity":70,"s:169:16:169:Infinity":71,"s:170:14:170:Infinity":72,"s:171:14:171:20":73,"s:171:20:171:53":74,"s:171:53:171:Infinity":75,"s:173:12:173:Infinity":76,"s:174:37:174:38":77,"s:174:38:174:Infinity":78,"s:175:14:175:35":79,"s:175:35:175:70":80,"s:175:70:177:Infinity":81,"s:180:8:180:Infinity":82,"s:181:35:181:43":83,"s:181:43:182:Infinity":84,"s:135:36:135:Infinity":85,"s:119:4:119:Infinity":86,"s:120:10:120:50":87,"s:120:50:120:Infinity":88,"s:122:6:122:50":89,"s:184:4:184:Infinity":90,"s:122:50:122:62":91,"s:106:2:106:32":92,"s:107:4:111:Infinity":93,"s:185:2:185:Infinity":94,"s:107:37:107:50":95,"s:111:29:111:79":96,"b:111:29:111:79:111:29:111:79:111:29:111:79":0,"s:119:31:119:57":97,"s:1:0:3:Infinity":98,"s:5:8:5:Infinity":99,"s:6:10:6:Infinity":100,"s:7:8:7:Infinity":101,"s:8:8:8:14":102,"s:8:14:8:28":103,"s:8:28:8:Infinity":104,"s:10:6:10:Infinity":105,"s:11:30:11:67":106,"s:11:67:11:Infinity":107,"s:12:8:12:35":108,"s:12:35:12:Infinity":109,"f:12:35:12:44":0,"s:12:35:12:52":110,"s:13:10:13:Infinity":111,"s:14:12:14:Infinity":112,"s:15:10:15:Infinity":113,"s:16:10:16:Infinity":114,"s:17:8:19:Infinity":115,"s:22:2:23:Infinity":116,"s:24:10:24:24":117,"s:24:24:24:Infinity":118,"s:25:6:25:26":119,"s:25:26:25:66":120,"s:25:66:25:Infinity":121,"s:27:6:27:12":122,"s:27:37:27:Infinity":123,"f:27:37:27:49":1,"s:27:37:27:59":124,"s:28:8:29:Infinity":125,"s:31:14:31:Infinity":126,"s:32:16:32:Infinity":127,"s:34:14:34:Infinity":128,"s:35:14:35:Infinity":129,"s:36:12:36:Infinity":130,"s:37:12:37:Infinity":131,"s:47:10:47:Infinity":132,"s:49:10:49:Infinity":133,"s:51:14:51:Infinity":134,"s:52:16:52:Infinity":135,"s:54:14:54:Infinity":136,"s:55:14:55:Infinity":137,"s:56:12:56:Infinity":138,"s:57:12:57:Infinity":139,"s:67:10:67:Infinity":140,"s:69:10:69:Infinity":141,"s:71:14:71:Infinity":142,"s:72:16:72:Infinity":143,"s:73:14:73:Infinity":144,"s:74:14:74:Infinity":145,"s:75:12:75:Infinity":146,"s:76:12:76:Infinity":147,"s:85:10:85:Infinity":148,"s:87:10:87:Infinity":149,"s:89:14:92:51":150,"s:99:12:103:Infinity":151,"s:186:0:186:Infinity":152,"b:11:30:11:67:11:30:11:67":1,"s:27:12:27:37":153,"s:42:14:42:Infinity":154,"b:42:14:42:Infinity:42:14:42:Infinity":2,"s:44:40:44:Infinity":155,"b:44:40:44:Infinity:44:40:44:Infinity":3,"s:62:14:62:Infinity":156,"b:62:14:62:Infinity:62:14:62:Infinity":4,"s:64:40:64:Infinity":157,"b:64:40:64:Infinity:64:40:64:Infinity":5,"s:80:14:80:Infinity":158,"b:80:14:80:Infinity:80:14:80:Infinity":6,"s:82:40:82:Infinity":159,"b:82:40:82:Infinity:82:40:82:Infinity":7,"s:88:53:88:Infinity":160,"s:89:20:89:125":161,"s:92:21:92:37":162,"s:93:21:93:Infinity":163,"s:106:32:106:Infinity":164}}}
,"C:\\Users\\KIIT\\Downloads\\chubb_workspace\\flightapp-docker\\flight-booking-app\\src\\app\\components\\flight-search\\flight-search.ts": {"path":"C:\\Users\\KIIT\\Downloads\\chubb_workspace\\flightapp-docker\\flight-booking-app\\src\\app\\components\\flight-search\\flight-search.ts","statementMap":{"0":{"start":{"line":15,"column":22},"end":{"line":15,"column":null}},"1":{"start":{"line":16,"column":12},"end":{"line":16,"column":null}},"2":{"start":{"line":17,"column":13},"end":{"line":17,"column":null}},"3":{"start":{"line":18,"column":10},"end":{"line":18,"column":null}},"4":{"start":{"line":22,"column":12},"end":{"line":22,"column":null}},"5":{"start":{"line":23,"column":12},"end":{"line":23,"column":null}},"6":{"start":{"line":24,"column":12},"end":{"line":24,"column":29}},"7":{"start":{"line":28,"column":4},"end":{"line":30,"column":null}},"8":{"start":{"line":29,"column":6},"end":{"line":29,"column":null}},"9":{"start":{"line":32,"column":10},"end":{"line":32,"column":null}},"10":{"start":{"line":34,"column":4},"end":{"line":38,"column":null}},"11":{"start":{"line":42,"column":4},"end":{"line":42,"column":null}},"12":{"start":{"line":46,"column":4},"end":{"line":46,"column":null}},"13":{"start":{"line":47,"column":4},"end":{"line":47,"column":null}},"14":{"start":{"line":49,"column":4},"end":{"line":51,"column":null}},"15":{"start":{"line":50,"column":6},"end":{"line":50,"column":null}},"16":{"start":{"line":53,"column":4},"end":{"line":53,"column":null}},"17":{"start":{"line":54,"column":4},"end":{"line":54,"column":null}},"18":{"start":{"line":56,"column":4},"end":{"line":65,"column":null}},"19":{"start":{"line":58,"column":8},"end":{"line":58,"column":null}},"20":{"start":{"line":59,"column":8},"end":{"line":59,"column":null}},"21":{"start":{"line":62,"column":8},"end":{"line":62,"column":null}},"22":{"start":{"line":63,"column":8},"end":{"line":63,"column":null}},"23":{"start":{"line":69,"column":17},"end":{"line":69,"column":null}},"24":{"start":{"line":70,"column":4},"end":{"line":75,"column":null}},"25":{"start":{"line":79,"column":17},"end":{"line":79,"column":null}},"26":{"start":{"line":80,"column":16},"end":{"line":80,"column":null}},"27":{"start":{"line":81,"column":17},"end":{"line":81,"column":null}},"28":{"start":{"line":82,"column":18},"end":{"line":82,"column":null}},"29":{"start":{"line":83,"column":20},"end":{"line":83,"column":null}},"30":{"start":{"line":84,"column":4},"end":{"line":84,"column":null}},"31":{"start":{"line":88,"column":4},"end":{"line":88,"column":null}},"32":{"start":{"line":13,"column":13},"end":{"line":13,"column":null}}},"fnMap":{"0":{"name":"(anonymous_0)","decl":{"start":{"line":21,"column":2},"end":{"line":21,"column":null}},"loc":{"start":{"line":24,"column":29},"end":{"line":25,"column":null}},"line":24},"1":{"name":"(anonymous_1)","decl":{"start":{"line":27,"column":2},"end":{"line":27,"column":10}},"loc":{"start":{"line":27,"column":10},"end":{"line":39,"column":null}},"line":27},"2":{"name":"(anonymous_2)","decl":{"start":{"line":28,"column":43},"end":{"line":28,"column":50}},"loc":{"start":{"line":28,"column":50},"end":{"line":30,"column":5}},"line":28},"3":{"name":"(anonymous_3)","decl":{"start":{"line":41,"column":6},"end":{"line":41,"column":7}},"loc":{"start":{"line":41,"column":7},"end":{"line":43,"column":null}},"line":41},"4":{"name":"(anonymous_4)","decl":{"start":{"line":45,"column":2},"end":{"line":45,"column":10}},"loc":{"start":{"line":45,"column":10},"end":{"line":66,"column":null}},"line":45},"5":{"name":"(anonymous_5)","decl":{"start":{"line":57,"column":12},"end":{"line":57,"column":13}},"loc":{"start":{"line":57,"column":24},"end":{"line":60,"column":null}},"line":57},"6":{"name":"(anonymous_6)","decl":{"start":{"line":61,"column":13},"end":{"line":61,"column":14}},"loc":{"start":{"line":61,"column":23},"end":{"line":64,"column":null}},"line":61},"7":{"name":"(anonymous_7)","decl":{"start":{"line":68,"column":2},"end":{"line":68,"column":17}},"loc":{"start":{"line":68,"column":33},"end":{"line":76,"column":null}},"line":68},"8":{"name":"(anonymous_8)","decl":{"start":{"line":78,"column":2},"end":{"line":78,"column":20}},"loc":{"start":{"line":78,"column":54},"end":{"line":85,"column":null}},"line":78},"9":{"name":"(anonymous_9)","decl":{"start":{"line":87,"column":2},"end":{"line":87,"column":8}},"loc":{"start":{"line":87,"column":8},"end":{"line":89,"column":null}},"line":87}},"branchMap":{"0":{"loc":{"start":{"line":49,"column":4},"end":{"line":51,"column":null}},"type":"if","locations":[{"start":{"line":49,"column":4},"end":{"line":51,"column":null}},{"start":{},"end":{}}],"line":49},"1":{"loc":{"start":{"line":62,"column":21},"end":{"line":62,"column":null}},"type":"binary-expr","locations":[{"start":{"line":62,"column":21},"end":{"line":62,"column":45}},{"start":{"line":62,"column":45},"end":{"line":62,"column":null}}],"line":62},"2":{"loc":{"start":{"line":13,"column":13},"end":{"line":13,"column":25}},"type":"binary-expr","locations":[{"start":{"line":13,"column":13},"end":{"line":13,"column":25}},{"start":{"line":13,"column":13},"end":{"line":13,"column":25}}],"line":13},"3":{"loc":{"start":{"line":13,"column":13},"end":{"line":13,"column":null}},"type":"binary-expr","locations":[{"start":{"line":13,"column":13},"end":{"line":13,"column":25}},{"start":{"line":13,"column":13},"end":{"line":13,"column":25}},{"start":{"line":13,"column":13},"end":{"line":13,"column":null}}],"line":13}},"s":{"0":25,"1":25,"2":25,"3":25,"4":25,"5":25,"6":25,"7":44,"8":44,"9":44,"10":44,"11":1,"12":10,"13":10,"14":10,"15":1,"16":9,"17":9,"18":9,"19":7,"20":7,"21":2,"22":2,"23":1,"24":1,"25":3,"26":3,"27":3,"28":3,"29":3,"30":3,"31":1,"32":1},"f":{"0":25,"1":44,"2":44,"3":1,"4":10,"5":7,"6":2,"7":1,"8":3,"9":1},"b":{"0":[1,9],"1":[2,1],"2":[25,25],"3":[1,1,1]},"meta":{"lastBranch":4,"lastFunction":10,"lastStatement":33,"seen":{"s:15:22:15:Infinity":0,"s:16:12:16:Infinity":1,"s:17:13:17:Infinity":2,"s:18:10:18:Infinity":3,"f:21:2:21:Infinity":0,"s:22:12:22:Infinity":4,"s:23:12:23:Infinity":5,"s:24:12:24:29":6,"f:27:2:27:10":1,"s:28:4:30:Infinity":7,"f:28:43:28:50":2,"s:29:6:29:Infinity":8,"s:32:10:32:Infinity":9,"s:34:4:38:Infinity":10,"f:41:6:41:7":3,"s:42:4:42:Infinity":11,"f:45:2:45:10":4,"s:46:4:46:Infinity":12,"s:47:4:47:Infinity":13,"b:49:4:51:Infinity:undefined:undefined:undefined:undefined":0,"s:49:4:51:Infinity":14,"s:50:6:50:Infinity":15,"s:53:4:53:Infinity":16,"s:54:4:54:Infinity":17,"s:56:4:65:Infinity":18,"f:57:12:57:13":5,"s:58:8:58:Infinity":19,"s:59:8:59:Infinity":20,"f:61:13:61:14":6,"s:62:8:62:Infinity":21,"b:62:21:62:45:62:45:62:Infinity":1,"s:63:8:63:Infinity":22,"f:68:2:68:17":7,"s:69:17:69:Infinity":23,"s:70:4:75:Infinity":24,"f:78:2:78:20":8,"s:79:17:79:Infinity":25,"s:80:16:80:Infinity":26,"s:81:17:81:Infinity":27,"s:82:18:82:Infinity":28,"s:83:20:83:Infinity":29,"s:84:4:84:Infinity":30,"f:87:2:87:8":9,"s:88:4:88:Infinity":31,"s:13:13:13:Infinity":32,"b:13:13:13:25:13:13:13:25":2,"b:13:13:13:25:13:13:13:25:13:13:13:Infinity":3}}}
,"C:\\Users\\KIIT\\Downloads\\chubb_workspace\\flightapp-docker\\flight-booking-app\\src\\app\\components\\home\\home.html": {"path":"C:\\Users\\KIIT\\Downloads\\chubb_workspace\\flightapp-docker\\flight-booking-app\\src\\app\\components\\home\\home.html","statementMap":{"0":{"start":{"line":19,"column":8},"end":{"line":19,"column":39}},"1":{"start":{"line":20,"column":10},"end":{"line":20,"column":null}},"2":{"start":{"line":21,"column":8},"end":{"line":21,"column":null}},"3":{"start":{"line":1,"column":0},"end":{"line":3,"column":null}},"4":{"start":{"line":5,"column":8},"end":{"line":5,"column":null}},"5":{"start":{"line":6,"column":10},"end":{"line":6,"column":null}},"6":{"start":{"line":7,"column":8},"end":{"line":7,"column":null}},"7":{"start":{"line":9,"column":6},"end":{"line":9,"column":10}},"8":{"start":{"line":9,"column":10},"end":{"line":9,"column":35}},"9":{"start":{"line":9,"column":35},"end":{"line":9,"column":null}},"10":{"start":{"line":10,"column":6},"end":{"line":10,"column":25}},"11":{"start":{"line":10,"column":25},"end":{"line":10,"column":97}},"12":{"start":{"line":10,"column":97},"end":{"line":10,"column":null}},"13":{"start":{"line":12,"column":6},"end":{"line":12,"column":null}},"14":{"start":{"line":13,"column":36},"end":{"line":13,"column":null}},"15":{"start":{"line":13,"column":36},"end":{"line":13,"column":64}},"16":{"start":{"line":14,"column":10},"end":{"line":14,"column":null}},"17":{"start":{"line":15,"column":12},"end":{"line":15,"column":null}},"18":{"start":{"line":16,"column":10},"end":{"line":16,"column":null}},"19":{"start":{"line":17,"column":10},"end":{"line":17,"column":null}},"20":{"start":{"line":18,"column":8},"end":{"line":18,"column":null}},"21":{"start":{"line":22,"column":6},"end":{"line":22,"column":null}},"22":{"start":{"line":25,"column":4},"end":{"line":26,"column":null}},"23":{"start":{"line":28,"column":10},"end":{"line":28,"column":null}},"24":{"start":{"line":29,"column":12},"end":{"line":29,"column":null}},"25":{"start":{"line":30,"column":10},"end":{"line":30,"column":null}},"26":{"start":{"line":32,"column":8},"end":{"line":32,"column":12}},"27":{"start":{"line":32,"column":12},"end":{"line":32,"column":24}},"28":{"start":{"line":32,"column":24},"end":{"line":32,"column":null}},"29":{"start":{"line":33,"column":8},"end":{"line":33,"column":11}},"30":{"start":{"line":33,"column":11},"end":{"line":33,"column":68}},"31":{"start":{"line":33,"column":68},"end":{"line":33,"column":null}},"32":{"start":{"line":36,"column":6},"end":{"line":36,"column":null}},"33":{"start":{"line":38,"column":10},"end":{"line":38,"column":null}},"34":{"start":{"line":39,"column":12},"end":{"line":39,"column":null}},"35":{"start":{"line":40,"column":10},"end":{"line":40,"column":null}},"36":{"start":{"line":42,"column":8},"end":{"line":42,"column":12}},"37":{"start":{"line":42,"column":12},"end":{"line":42,"column":23}},"38":{"start":{"line":42,"column":23},"end":{"line":42,"column":null}},"39":{"start":{"line":43,"column":8},"end":{"line":43,"column":11}},"40":{"start":{"line":43,"column":11},"end":{"line":43,"column":64}},"41":{"start":{"line":43,"column":64},"end":{"line":43,"column":null}},"42":{"start":{"line":46,"column":6},"end":{"line":46,"column":null}},"43":{"start":{"line":48,"column":10},"end":{"line":48,"column":null}},"44":{"start":{"line":49,"column":12},"end":{"line":49,"column":null}},"45":{"start":{"line":50,"column":10},"end":{"line":50,"column":null}},"46":{"start":{"line":52,"column":8},"end":{"line":52,"column":12}},"47":{"start":{"line":52,"column":12},"end":{"line":52,"column":25}},"48":{"start":{"line":52,"column":25},"end":{"line":52,"column":null}},"49":{"start":{"line":53,"column":8},"end":{"line":53,"column":11}},"50":{"start":{"line":53,"column":11},"end":{"line":53,"column":65}},"51":{"start":{"line":53,"column":65},"end":{"line":56,"column":null}},"52":{"start":{"line":19,"column":39},"end":{"line":19,"column":null}}},"fnMap":{"0":{"name":"Home_Template_button_click_11_listener","decl":{"start":{"line":13,"column":36},"end":{"line":13,"column":45}},"loc":{"start":{"line":13,"column":36},"end":{"line":13,"column":null}},"line":13}},"branchMap":{},"s":{"0":9,"1":7,"2":7,"3":9,"4":9,"5":9,"6":9,"7":9,"8":9,"9":9,"10":9,"11":9,"12":9,"13":9,"14":9,"15":0,"16":9,"17":9,"18":9,"19":9,"20":9,"21":9,"22":9,"23":9,"24":9,"25":9,"26":9,"27":9,"28":9,"29":9,"30":9,"31":9,"32":9,"33":9,"34":9,"35":9,"36":9,"37":9,"38":9,"39":9,"40":9,"41":9,"42":9,"43":9,"44":9,"45":9,"46":9,"47":9,"48":9,"49":9,"50":9,"51":9,"52":14},"f":{"0":0},"b":{},"meta":{"lastBranch":0,"lastFunction":1,"lastStatement":53,"seen":{"s:19:8:19:39":0,"s:20:10:20:Infinity":1,"s:21:8:21:Infinity":2,"s:1:0:3:Infinity":3,"s:5:8:5:Infinity":4,"s:6:10:6:Infinity":5,"s:7:8:7:Infinity":6,"s:9:6:9:10":7,"s:9:10:9:35":8,"s:9:35:9:Infinity":9,"s:10:6:10:25":10,"s:10:25:10:97":11,"s:10:97:10:Infinity":12,"s:12:6:12:Infinity":13,"s:13:36:13:Infinity":14,"f:13:36:13:45":0,"s:13:36:13:64":15,"s:14:10:14:Infinity":16,"s:15:12:15:Infinity":17,"s:16:10:16:Infinity":18,"s:17:10:17:Infinity":19,"s:18:8:18:Infinity":20,"s:22:6:22:Infinity":21,"s:25:4:26:Infinity":22,"s:28:10:28:Infinity":23,"s:29:12:29:Infinity":24,"s:30:10:30:Infinity":25,"s:32:8:32:12":26,"s:32:12:32:24":27,"s:32:24:32:Infinity":28,"s:33:8:33:11":29,"s:33:11:33:68":30,"s:33:68:33:Infinity":31,"s:36:6:36:Infinity":32,"s:38:10:38:Infinity":33,"s:39:12:39:Infinity":34,"s:40:10:40:Infinity":35,"s:42:8:42:12":36,"s:42:12:42:23":37,"s:42:23:42:Infinity":38,"s:43:8:43:11":39,"s:43:11:43:64":40,"s:43:64:43:Infinity":41,"s:46:6:46:Infinity":42,"s:48:10:48:Infinity":43,"s:49:12:49:Infinity":44,"s:50:10:50:Infinity":45,"s:52:8:52:12":46,"s:52:12:52:25":47,"s:52:25:52:Infinity":48,"s:53:8:53:11":49,"s:53:11:53:65":50,"s:53:65:56:Infinity":51,"s:19:39:19:Infinity":52}}}
,"C:\\Users\\KIIT\\Downloads\\chubb_workspace\\flightapp-docker\\flight-booking-app\\src\\app\\components\\home\\home.ts": {"path":"C:\\Users\\KIIT\\Downloads\\chubb_workspace\\flightapp-docker\\flight-booking-app\\src\\app\\components\\home\\home.ts","statementMap":{"0":{"start":{"line":12,"column":20},"end":{"line":12,"column":null}},"1":{"start":{"line":14,"column":22},"end":{"line":14,"column":49}},"2":{"start":{"line":14,"column":49},"end":{"line":14,"column":63}},"3":{"start":{"line":17,"column":4},"end":{"line":19,"column":null}},"4":{"start":{"line":18,"column":6},"end":{"line":18,"column":null}},"5":{"start":{"line":23,"column":4},"end":{"line":27,"column":null}},"6":{"start":{"line":24,"column":6},"end":{"line":24,"column":null}},"7":{"start":{"line":26,"column":6},"end":{"line":26,"column":null}},"8":{"start":{"line":11,"column":13},"end":{"line":11,"column":null}}},"fnMap":{"0":{"name":"(anonymous_0)","decl":{"start":{"line":14,"column":2},"end":{"line":14,"column":22}},"loc":{"start":{"line":14,"column":63},"end":{"line":14,"column":null}},"line":14},"1":{"name":"(anonymous_1)","decl":{"start":{"line":16,"column":2},"end":{"line":16,"column":10}},"loc":{"start":{"line":16,"column":10},"end":{"line":20,"column":null}},"line":16},"2":{"name":"(anonymous_2)","decl":{"start":{"line":17,"column":43},"end":{"line":17,"column":50}},"loc":{"start":{"line":17,"column":50},"end":{"line":19,"column":5}},"line":17},"3":{"name":"(anonymous_3)","decl":{"start":{"line":22,"column":2},"end":{"line":22,"column":19}},"loc":{"start":{"line":22,"column":19},"end":{"line":28,"column":null}},"line":22}},"branchMap":{"0":{"loc":{"start":{"line":23,"column":4},"end":{"line":27,"column":null}},"type":"if","locations":[{"start":{"line":23,"column":4},"end":{"line":27,"column":null}},{"start":{"line":25,"column":11},"end":{"line":27,"column":null}}],"line":23},"1":{"loc":{"start":{"line":11,"column":13},"end":{"line":11,"column":17}},"type":"binary-expr","locations":[{"start":{"line":11,"column":13},"end":{"line":11,"column":17}},{"start":{"line":11,"column":13},"end":{"line":11,"column":17}}],"line":11},"2":{"loc":{"start":{"line":11,"column":13},"end":{"line":11,"column":null}},"type":"binary-expr","locations":[{"start":{"line":11,"column":13},"end":{"line":11,"column":17}},{"start":{"line":11,"column":13},"end":{"line":11,"column":17}},{"start":{"line":11,"column":13},"end":{"line":11,"column":null}}],"line":11}},"s":{"0":9,"1":9,"2":9,"3":10,"4":10,"5":2,"6":1,"7":1,"8":1},"f":{"0":9,"1":10,"2":10,"3":2},"b":{"0":[1,1],"1":[9,9],"2":[1,1,1]},"meta":{"lastBranch":3,"lastFunction":4,"lastStatement":9,"seen":{"s:12:20:12:Infinity":0,"f:14:2:14:22":0,"s:14:22:14:49":1,"s:14:49:14:63":2,"f:16:2:16:10":1,"s:17:4:19:Infinity":3,"f:17:43:17:50":2,"s:18:6:18:Infinity":4,"f:22:2:22:19":3,"b:23:4:27:Infinity:25:11:27:Infinity":0,"s:23:4:27:Infinity":5,"s:24:6:24:Infinity":6,"s:26:6:26:Infinity":7,"s:11:13:11:Infinity":8,"b:11:13:11:17:11:13:11:17":1,"b:11:13:11:17:11:13:11:17:11:13:11:Infinity":2}}}
,"C:\\Users\\KIIT\\Downloads\\chubb_workspace\\flightapp-docker\\flight-booking-app\\src\\app\\components\\login\\login.html": {"path":"C:\\Users\\KIIT\\Downloads\\chubb_workspace\\flightapp-docker\\flight-booking-app\\src\\app\\components\\login\\login.html","statementMap":{"0":{"start":{"line":29,"column":10},"end":{"line":29,"column":17}},"1":{"start":{"line":29,"column":57},"end":{"line":29,"column":77}},"2":{"start":{"line":29,"column":77},"end":{"line":29,"column":null}},"3":{"start":{"line":28,"column":8},"end":{"line":28,"column":36}},"4":{"start":{"line":30,"column":8},"end":{"line":30,"column":null}},"5":{"start":{"line":29,"column":17},"end":{"line":29,"column":57}},"6":{"start":{"line":48,"column":10},"end":{"line":48,"column":17}},"7":{"start":{"line":48,"column":57},"end":{"line":48,"column":77}},"8":{"start":{"line":48,"column":77},"end":{"line":48,"column":null}},"9":{"start":{"line":47,"column":8},"end":{"line":47,"column":36}},"10":{"start":{"line":49,"column":8},"end":{"line":49,"column":null}},"11":{"start":{"line":48,"column":17},"end":{"line":48,"column":57}},"12":{"start":{"line":52,"column":6},"end":{"line":52,"column":39}},"13":{"start":{"line":53,"column":8},"end":{"line":53,"column":null}},"14":{"start":{"line":54,"column":6},"end":{"line":54,"column":null}},"15":{"start":{"line":57,"column":8},"end":{"line":57,"column":15}},"16":{"start":{"line":57,"column":31},"end":{"line":57,"column":38}},"17":{"start":{"line":57,"column":38},"end":{"line":57,"column":null}},"18":{"start":{"line":58,"column":8},"end":{"line":58,"column":15}},"19":{"start":{"line":59,"column":10},"end":{"line":59,"column":null}},"20":{"start":{"line":60,"column":12},"end":{"line":60,"column":null}},"21":{"start":{"line":61,"column":10},"end":{"line":61,"column":null}},"22":{"start":{"line":62,"column":10},"end":{"line":62,"column":null}},"23":{"start":{"line":63,"column":8},"end":{"line":63,"column":null}},"24":{"start":{"line":1,"column":0},"end":{"line":3,"column":null}},"25":{"start":{"line":5,"column":8},"end":{"line":5,"column":null}},"26":{"start":{"line":6,"column":10},"end":{"line":6,"column":null}},"27":{"start":{"line":7,"column":8},"end":{"line":7,"column":null}},"28":{"start":{"line":9,"column":6},"end":{"line":9,"column":10}},"29":{"start":{"line":9,"column":10},"end":{"line":9,"column":22}},"30":{"start":{"line":9,"column":22},"end":{"line":9,"column":null}},"31":{"start":{"line":10,"column":6},"end":{"line":10,"column":9}},"32":{"start":{"line":10,"column":9},"end":{"line":10,"column":44}},"33":{"start":{"line":10,"column":44},"end":{"line":10,"column":null}},"34":{"start":{"line":13,"column":4},"end":{"line":13,"column":10}},"35":{"start":{"line":13,"column":34},"end":{"line":13,"column":null}},"36":{"start":{"line":13,"column":34},"end":{"line":13,"column":56}},"37":{"start":{"line":14,"column":6},"end":{"line":14,"column":null}},"38":{"start":{"line":15,"column":30},"end":{"line":15,"column":38}},"39":{"start":{"line":15,"column":38},"end":{"line":15,"column":null}},"40":{"start":{"line":16,"column":8},"end":{"line":16,"column":null}},"41":{"start":{"line":17,"column":10},"end":{"line":17,"column":null}},"42":{"start":{"line":18,"column":12},"end":{"line":18,"column":null}},"43":{"start":{"line":19,"column":10},"end":{"line":19,"column":null}},"44":{"start":{"line":20,"column":10},"end":{"line":20,"column":null}},"45":{"start":{"line":27,"column":8},"end":{"line":27,"column":null}},"46":{"start":{"line":31,"column":6},"end":{"line":31,"column":null}},"47":{"start":{"line":33,"column":6},"end":{"line":33,"column":null}},"48":{"start":{"line":34,"column":30},"end":{"line":34,"column":38}},"49":{"start":{"line":34,"column":38},"end":{"line":34,"column":null}},"50":{"start":{"line":35,"column":8},"end":{"line":35,"column":null}},"51":{"start":{"line":36,"column":10},"end":{"line":36,"column":null}},"52":{"start":{"line":37,"column":12},"end":{"line":37,"column":null}},"53":{"start":{"line":38,"column":10},"end":{"line":38,"column":null}},"54":{"start":{"line":39,"column":10},"end":{"line":39,"column":null}},"55":{"start":{"line":46,"column":8},"end":{"line":46,"column":null}},"56":{"start":{"line":50,"column":6},"end":{"line":50,"column":null}},"57":{"start":{"line":56,"column":6},"end":{"line":56,"column":47}},"58":{"start":{"line":57,"column":8},"end":{"line":57,"column":38}},"59":{"start":{"line":64,"column":6},"end":{"line":64,"column":null}},"60":{"start":{"line":66,"column":6},"end":{"line":66,"column":null}},"61":{"start":{"line":67,"column":11},"end":{"line":67,"column":34}},"62":{"start":{"line":67,"column":34},"end":{"line":67,"column":60}},"63":{"start":{"line":67,"column":60},"end":{"line":67,"column":67}},"64":{"start":{"line":67,"column":67},"end":{"line":70,"column":null}},"65":{"start":{"line":13,"column":10},"end":{"line":13,"column":34}},"66":{"start":{"line":14,"column":30},"end":{"line":14,"column":80}},"67":{"start":{"line":25,"column":12},"end":{"line":25,"column":null}},"68":{"start":{"line":28,"column":36},"end":{"line":28,"column":null}},"69":{"start":{"line":33,"column":30},"end":{"line":33,"column":80}},"70":{"start":{"line":44,"column":12},"end":{"line":44,"column":null}},"71":{"start":{"line":47,"column":36},"end":{"line":47,"column":null}},"72":{"start":{"line":52,"column":39},"end":{"line":52,"column":null}},"73":{"start":{"line":56,"column":47},"end":{"line":56,"column":null}},"74":{"start":{"line":57,"column":15},"end":{"line":57,"column":31}},"75":{"start":{"line":58,"column":15},"end":{"line":58,"column":null}}},"fnMap":{"0":{"name":"Login_Template_form_ngSubmit_10_listener","decl":{"start":{"line":13,"column":34},"end":{"line":13,"column":46}},"loc":{"start":{"line":13,"column":34},"end":{"line":13,"column":null}},"line":13}},"branchMap":{"0":{"loc":{"start":{"line":14,"column":30},"end":{"line":14,"column":80}},"type":"binary-expr","locations":[{"start":{"line":14,"column":30},"end":{"line":14,"column":80}},{"start":{"line":14,"column":30},"end":{"line":14,"column":80}}],"line":14},"1":{"loc":{"start":{"line":25,"column":12},"end":{"line":25,"column":null}},"type":"binary-expr","locations":[{"start":{"line":25,"column":12},"end":{"line":25,"column":null}},{"start":{"line":25,"column":12},"end":{"line":25,"column":null}}],"line":25},"2":{"loc":{"start":{"line":28,"column":36},"end":{"line":28,"column":null}},"type":"binary-expr","locations":[{"start":{"line":28,"column":36},"end":{"line":28,"column":null}},{"start":{"line":28,"column":36},"end":{"line":28,"column":null}}],"line":28},"3":{"loc":{"start":{"line":33,"column":30},"end":{"line":33,"column":80}},"type":"binary-expr","locations":[{"start":{"line":33,"column":30},"end":{"line":33,"column":80}},{"start":{"line":33,"column":30},"end":{"line":33,"column":80}}],"line":33},"4":{"loc":{"start":{"line":44,"column":12},"end":{"line":44,"column":null}},"type":"binary-expr","locations":[{"start":{"line":44,"column":12},"end":{"line":44,"column":null}},{"start":{"line":44,"column":12},"end":{"line":44,"column":null}}],"line":44},"5":{"loc":{"start":{"line":47,"column":36},"end":{"line":47,"column":null}},"type":"binary-expr","locations":[{"start":{"line":47,"column":36},"end":{"line":47,"column":null}},{"start":{"line":47,"column":36},"end":{"line":47,"column":null}}],"line":47}},"s":{"0":0,"1":0,"2":0,"3":17,"4":0,"5":0,"6":0,"7":0,"8":0,"9":17,"10":0,"11":0,"12":17,"13":0,"14":0,"15":17,"16":17,"17":17,"18":0,"19":0,"20":0,"21":0,"22":0,"23":0,"24":17,"25":17,"26":17,"27":17,"28":17,"29":17,"30":17,"31":17,"32":17,"33":17,"34":17,"35":17,"36":0,"37":17,"38":17,"39":17,"40":17,"41":17,"42":17,"43":17,"44":17,"45":17,"46":17,"47":17,"48":17,"49":17,"50":17,"51":17,"52":17,"53":17,"54":17,"55":17,"56":17,"57":17,"58":17,"59":17,"60":17,"61":17,"62":17,"63":17,"64":17,"65":34,"66":34,"67":34,"68":34,"69":34,"70":34,"71":34,"72":34,"73":34,"74":34,"75":34},"f":{"0":0},"b":{"0":[34,0],"1":[34,0],"2":[34,0],"3":[34,0],"4":[34,0],"5":[34,0]},"meta":{"lastBranch":6,"lastFunction":1,"lastStatement":76,"seen":{"s:29:10:29:17":0,"s:29:57:29:77":1,"s:29:77:29:Infinity":2,"s:28:8:28:36":3,"s:30:8:30:Infinity":4,"s:29:17:29:57":5,"s:48:10:48:17":6,"s:48:57:48:77":7,"s:48:77:48:Infinity":8,"s:47:8:47:36":9,"s:49:8:49:Infinity":10,"s:48:17:48:57":11,"s:52:6:52:39":12,"s:53:8:53:Infinity":13,"s:54:6:54:Infinity":14,"s:57:8:57:15":15,"s:57:31:57:38":16,"s:57:38:57:Infinity":17,"s:58:8:58:15":18,"s:59:10:59:Infinity":19,"s:60:12:60:Infinity":20,"s:61:10:61:Infinity":21,"s:62:10:62:Infinity":22,"s:63:8:63:Infinity":23,"s:1:0:3:Infinity":24,"s:5:8:5:Infinity":25,"s:6:10:6:Infinity":26,"s:7:8:7:Infinity":27,"s:9:6:9:10":28,"s:9:10:9:22":29,"s:9:22:9:Infinity":30,"s:10:6:10:9":31,"s:10:9:10:44":32,"s:10:44:10:Infinity":33,"s:13:4:13:10":34,"s:13:34:13:Infinity":35,"f:13:34:13:46":0,"s:13:34:13:56":36,"s:14:6:14:Infinity":37,"s:15:30:15:38":38,"s:15:38:15:Infinity":39,"s:16:8:16:Infinity":40,"s:17:10:17:Infinity":41,"s:18:12:18:Infinity":42,"s:19:10:19:Infinity":43,"s:20:10:20:Infinity":44,"s:27:8:27:Infinity":45,"s:31:6:31:Infinity":46,"s:33:6:33:Infinity":47,"s:34:30:34:38":48,"s:34:38:34:Infinity":49,"s:35:8:35:Infinity":50,"s:36:10:36:Infinity":51,"s:37:12:37:Infinity":52,"s:38:10:38:Infinity":53,"s:39:10:39:Infinity":54,"s:46:8:46:Infinity":55,"s:50:6:50:Infinity":56,"s:56:6:56:47":57,"s:57:8:57:38":58,"s:64:6:64:Infinity":59,"s:66:6:66:Infinity":60,"s:67:11:67:34":61,"s:67:34:67:60":62,"s:67:60:67:67":63,"s:67:67:70:Infinity":64,"s:13:10:13:34":65,"s:14:30:14:80":66,"b:14:30:14:80:14:30:14:80":0,"s:25:12:25:Infinity":67,"b:25:12:25:Infinity:25:12:25:Infinity":1,"s:28:36:28:Infinity":68,"b:28:36:28:Infinity:28:36:28:Infinity":2,"s:33:30:33:80":69,"b:33:30:33:80:33:30:33:80":3,"s:44:12:44:Infinity":70,"b:44:12:44:Infinity:44:12:44:Infinity":4,"s:47:36:47:Infinity":71,"b:47:36:47:Infinity:47:36:47:Infinity":5,"s:52:39:52:Infinity":72,"s:56:47:56:Infinity":73,"s:57:15:57:31":74,"s:58:15:58:Infinity":75}}}
,"C:\\Users\\KIIT\\Downloads\\chubb_workspace\\flightapp-docker\\flight-booking-app\\src\\app\\components\\login\\login.ts": {"path":"C:\\Users\\KIIT\\Downloads\\chubb_workspace\\flightapp-docker\\flight-booking-app\\src\\app\\components\\login\\login.ts","statementMap":{"0":{"start":{"line":14,"column":12},"end":{"line":14,"column":null}},"1":{"start":{"line":15,"column":14},"end":{"line":15,"column":null}},"2":{"start":{"line":16,"column":10},"end":{"line":16,"column":null}},"3":{"start":{"line":17,"column":14},"end":{"line":17,"column":null}},"4":{"start":{"line":20,"column":12},"end":{"line":20,"column":null}},"5":{"start":{"line":21,"column":12},"end":{"line":21,"column":null}},"6":{"start":{"line":22,"column":12},"end":{"line":22,"column":null}},"7":{"start":{"line":23,"column":12},"end":{"line":23,"column":33}},"8":{"start":{"line":27,"column":4},"end":{"line":29,"column":null}},"9":{"start":{"line":28,"column":6},"end":{"line":28,"column":null}},"10":{"start":{"line":31,"column":4},"end":{"line":34,"column":null}},"11":{"start":{"line":36,"column":4},"end":{"line":36,"column":null}},"12":{"start":{"line":40,"column":4},"end":{"line":40,"column":null}},"13":{"start":{"line":44,"column":4},"end":{"line":44,"column":null}},"14":{"start":{"line":45,"column":4},"end":{"line":45,"column":null}},"15":{"start":{"line":47,"column":4},"end":{"line":49,"column":null}},"16":{"start":{"line":48,"column":6},"end":{"line":48,"column":null}},"17":{"start":{"line":51,"column":4},"end":{"line":51,"column":null}},"18":{"start":{"line":52,"column":4},"end":{"line":60,"column":null}},"19":{"start":{"line":54,"column":8},"end":{"line":54,"column":null}},"20":{"start":{"line":57,"column":8},"end":{"line":57,"column":null}},"21":{"start":{"line":58,"column":8},"end":{"line":58,"column":null}},"22":{"start":{"line":12,"column":13},"end":{"line":12,"column":null}}},"fnMap":{"0":{"name":"(anonymous_0)","decl":{"start":{"line":19,"column":2},"end":{"line":19,"column":null}},"loc":{"start":{"line":23,"column":33},"end":{"line":24,"column":null}},"line":23},"1":{"name":"(anonymous_1)","decl":{"start":{"line":26,"column":2},"end":{"line":26,"column":10}},"loc":{"start":{"line":26,"column":10},"end":{"line":37,"column":null}},"line":26},"2":{"name":"(anonymous_2)","decl":{"start":{"line":39,"column":6},"end":{"line":39,"column":7}},"loc":{"start":{"line":39,"column":7},"end":{"line":41,"column":null}},"line":39},"3":{"name":"(anonymous_3)","decl":{"start":{"line":43,"column":2},"end":{"line":43,"column":10}},"loc":{"start":{"line":43,"column":10},"end":{"line":61,"column":null}},"line":43},"4":{"name":"(anonymous_4)","decl":{"start":{"line":53,"column":12},"end":{"line":53,"column":13}},"loc":{"start":{"line":53,"column":25},"end":{"line":55,"column":null}},"line":53},"5":{"name":"(anonymous_5)","decl":{"start":{"line":56,"column":13},"end":{"line":56,"column":14}},"loc":{"start":{"line":56,"column":23},"end":{"line":59,"column":null}},"line":56}},"branchMap":{"0":{"loc":{"start":{"line":27,"column":4},"end":{"line":29,"column":null}},"type":"if","locations":[{"start":{"line":27,"column":4},"end":{"line":29,"column":null}},{"start":{},"end":{}}],"line":27},"1":{"loc":{"start":{"line":36,"column":21},"end":{"line":36,"column":null}},"type":"binary-expr","locations":[{"start":{"line":36,"column":21},"end":{"line":36,"column":69}},{"start":{"line":36,"column":69},"end":{"line":36,"column":null}}],"line":36},"2":{"loc":{"start":{"line":47,"column":4},"end":{"line":49,"column":null}},"type":"if","locations":[{"start":{"line":47,"column":4},"end":{"line":49,"column":null}},{"start":{},"end":{}}],"line":47},"3":{"loc":{"start":{"line":57,"column":21},"end":{"line":57,"column":null}},"type":"binary-expr","locations":[{"start":{"line":57,"column":21},"end":{"line":57,"column":45}},{"start":{"line":57,"column":45},"end":{"line":57,"column":null}}],"line":57},"4":{"loc":{"start":{"line":12,"column":13},"end":{"line":12,"column":18}},"type":"binary-expr","locations":[{"start":{"line":12,"column":13},"end":{"line":12,"column":18}},{"start":{"line":12,"column":13},"end":{"line":12,"column":18}}],"line":12},"5":{"loc":{"start":{"line":12,"column":13},"end":{"line":12,"column":null}},"type":"binary-expr","locations":[{"start":{"line":12,"column":13},"end":{"line":12,"column":18}},{"start":{"line":12,"column":13},"end":{"line":12,"column":18}},{"start":{"line":12,"column":13},"end":{"line":12,"column":null}}],"line":12}},"s":{"0":17,"1":17,"2":17,"3":17,"4":17,"5":17,"6":17,"7":17,"8":33,"9":1,"10":33,"11":33,"12":1,"13":8,"14":8,"15":8,"16":1,"17":7,"18":7,"19":5,"20":2,"21":2,"22":1},"f":{"0":17,"1":33,"2":1,"3":8,"4":5,"5":2},"b":{"0":[1,32],"1":[33,31],"2":[1,7],"3":[2,1],"4":[17,17],"5":[1,1,1]},"meta":{"lastBranch":6,"lastFunction":6,"lastStatement":23,"seen":{"s:14:12:14:Infinity":0,"s:15:14:15:Infinity":1,"s:16:10:16:Infinity":2,"s:17:14:17:Infinity":3,"f:19:2:19:Infinity":0,"s:20:12:20:Infinity":4,"s:21:12:21:Infinity":5,"s:22:12:22:Infinity":6,"s:23:12:23:33":7,"f:26:2:26:10":1,"b:27:4:29:Infinity:undefined:undefined:undefined:undefined":0,"s:27:4:29:Infinity":8,"s:28:6:28:Infinity":9,"s:31:4:34:Infinity":10,"s:36:4:36:Infinity":11,"b:36:21:36:69:36:69:36:Infinity":1,"f:39:6:39:7":2,"s:40:4:40:Infinity":12,"f:43:2:43:10":3,"s:44:4:44:Infinity":13,"s:45:4:45:Infinity":14,"b:47:4:49:Infinity:undefined:undefined:undefined:undefined":2,"s:47:4:49:Infinity":15,"s:48:6:48:Infinity":16,"s:51:4:51:Infinity":17,"s:52:4:60:Infinity":18,"f:53:12:53:13":4,"s:54:8:54:Infinity":19,"f:56:13:56:14":5,"s:57:8:57:Infinity":20,"b:57:21:57:45:57:45:57:Infinity":3,"s:58:8:58:Infinity":21,"s:12:13:12:Infinity":22,"b:12:13:12:18:12:13:12:18":4,"b:12:13:12:18:12:13:12:18:12:13:12:Infinity":5}}}
,"C:\\Users\\KIIT\\Downloads\\chubb_workspace\\flightapp-docker\\flight-booking-app\\src\\app\\components\\register\\register.html": {"path":"C:\\Users\\KIIT\\Downloads\\chubb_workspace\\flightapp-docker\\flight-booking-app\\src\\app\\components\\register\\register.html","statementMap":{"0":{"start":{"line":51,"column":10},"end":{"line":51,"column":17}},"1":{"start":{"line":51,"column":57},"end":{"line":51,"column":77}},"2":{"start":{"line":51,"column":77},"end":{"line":51,"column":null}},"3":{"start":{"line":52,"column":10},"end":{"line":52,"column":17}},"4":{"start":{"line":52,"column":58},"end":{"line":52,"column":96}},"5":{"start":{"line":52,"column":96},"end":{"line":52,"column":null}},"6":{"start":{"line":53,"column":10},"end":{"line":53,"column":17}},"7":{"start":{"line":53,"column":58},"end":{"line":53,"column":98}},"8":{"start":{"line":53,"column":98},"end":{"line":53,"column":null}},"9":{"start":{"line":50,"column":8},"end":{"line":50,"column":36}},"10":{"start":{"line":51,"column":10},"end":{"line":52,"column":96}},"11":{"start":{"line":54,"column":8},"end":{"line":54,"column":null}},"12":{"start":{"line":51,"column":17},"end":{"line":51,"column":57}},"13":{"start":{"line":52,"column":17},"end":{"line":52,"column":58}},"14":{"start":{"line":53,"column":17},"end":{"line":53,"column":58}},"15":{"start":{"line":72,"column":10},"end":{"line":72,"column":17}},"16":{"start":{"line":72,"column":54},"end":{"line":72,"column":71}},"17":{"start":{"line":72,"column":71},"end":{"line":72,"column":null}},"18":{"start":{"line":73,"column":10},"end":{"line":73,"column":17}},"19":{"start":{"line":73,"column":51},"end":{"line":73,"column":77}},"20":{"start":{"line":73,"column":77},"end":{"line":73,"column":null}},"21":{"start":{"line":71,"column":8},"end":{"line":71,"column":36}},"22":{"start":{"line":72,"column":10},"end":{"line":72,"column":71}},"23":{"start":{"line":74,"column":8},"end":{"line":74,"column":null}},"24":{"start":{"line":72,"column":17},"end":{"line":72,"column":54}},"25":{"start":{"line":73,"column":17},"end":{"line":73,"column":51}},"26":{"start":{"line":92,"column":10},"end":{"line":92,"column":17}},"27":{"start":{"line":92,"column":57},"end":{"line":92,"column":77}},"28":{"start":{"line":92,"column":77},"end":{"line":92,"column":null}},"29":{"start":{"line":93,"column":10},"end":{"line":93,"column":17}},"30":{"start":{"line":93,"column":58},"end":{"line":93,"column":96}},"31":{"start":{"line":93,"column":96},"end":{"line":93,"column":null}},"32":{"start":{"line":91,"column":8},"end":{"line":91,"column":36}},"33":{"start":{"line":92,"column":10},"end":{"line":92,"column":77}},"34":{"start":{"line":94,"column":8},"end":{"line":94,"column":null}},"35":{"start":{"line":92,"column":17},"end":{"line":92,"column":57}},"36":{"start":{"line":93,"column":17},"end":{"line":93,"column":58}},"37":{"start":{"line":112,"column":10},"end":{"line":112,"column":17}},"38":{"start":{"line":112,"column":64},"end":{"line":112,"column":92}},"39":{"start":{"line":112,"column":92},"end":{"line":112,"column":null}},"40":{"start":{"line":113,"column":10},"end":{"line":113,"column":17}},"41":{"start":{"line":113,"column":72},"end":{"line":113,"column":94}},"42":{"start":{"line":113,"column":94},"end":{"line":113,"column":null}},"43":{"start":{"line":111,"column":8},"end":{"line":111,"column":36}},"44":{"start":{"line":112,"column":10},"end":{"line":112,"column":92}},"45":{"start":{"line":114,"column":8},"end":{"line":114,"column":null}},"46":{"start":{"line":112,"column":17},"end":{"line":112,"column":64}},"47":{"start":{"line":113,"column":17},"end":{"line":113,"column":72}},"48":{"start":{"line":117,"column":6},"end":{"line":117,"column":39}},"49":{"start":{"line":118,"column":8},"end":{"line":118,"column":null}},"50":{"start":{"line":119,"column":6},"end":{"line":119,"column":null}},"51":{"start":{"line":122,"column":8},"end":{"line":122,"column":15}},"52":{"start":{"line":122,"column":31},"end":{"line":122,"column":45}},"53":{"start":{"line":122,"column":45},"end":{"line":122,"column":null}},"54":{"start":{"line":123,"column":8},"end":{"line":123,"column":15}},"55":{"start":{"line":124,"column":10},"end":{"line":124,"column":null}},"56":{"start":{"line":125,"column":12},"end":{"line":125,"column":null}},"57":{"start":{"line":126,"column":10},"end":{"line":126,"column":null}},"58":{"start":{"line":127,"column":10},"end":{"line":127,"column":null}},"59":{"start":{"line":128,"column":8},"end":{"line":128,"column":null}},"60":{"start":{"line":1,"column":0},"end":{"line":3,"column":null}},"61":{"start":{"line":5,"column":8},"end":{"line":5,"column":null}},"62":{"start":{"line":6,"column":10},"end":{"line":6,"column":null}},"63":{"start":{"line":7,"column":8},"end":{"line":7,"column":null}},"64":{"start":{"line":9,"column":6},"end":{"line":9,"column":10}},"65":{"start":{"line":9,"column":10},"end":{"line":9,"column":24}},"66":{"start":{"line":9,"column":24},"end":{"line":9,"column":null}},"67":{"start":{"line":10,"column":6},"end":{"line":10,"column":9}},"68":{"start":{"line":10,"column":9},"end":{"line":10,"column":46}},"69":{"start":{"line":10,"column":46},"end":{"line":10,"column":null}},"70":{"start":{"line":13,"column":4},"end":{"line":13,"column":10}},"71":{"start":{"line":13,"column":37},"end":{"line":13,"column":null}},"72":{"start":{"line":13,"column":37},"end":{"line":13,"column":59}},"73":{"start":{"line":14,"column":6},"end":{"line":15,"column":null}},"74":{"start":{"line":16,"column":33},"end":{"line":16,"column":43}},"75":{"start":{"line":16,"column":43},"end":{"line":16,"column":null}},"76":{"start":{"line":17,"column":10},"end":{"line":17,"column":null}},"77":{"start":{"line":23,"column":8},"end":{"line":23,"column":null}},"78":{"start":{"line":25,"column":8},"end":{"line":25,"column":null}},"79":{"start":{"line":26,"column":32},"end":{"line":26,"column":41}},"80":{"start":{"line":26,"column":41},"end":{"line":26,"column":null}},"81":{"start":{"line":27,"column":10},"end":{"line":27,"column":null}},"82":{"start":{"line":33,"column":8},"end":{"line":33,"column":null}},"83":{"start":{"line":36,"column":6},"end":{"line":36,"column":null}},"84":{"start":{"line":37,"column":30},"end":{"line":37,"column":40}},"85":{"start":{"line":37,"column":40},"end":{"line":37,"column":null}},"86":{"start":{"line":38,"column":8},"end":{"line":38,"column":null}},"87":{"start":{"line":39,"column":10},"end":{"line":39,"column":null}},"88":{"start":{"line":40,"column":12},"end":{"line":40,"column":null}},"89":{"start":{"line":41,"column":10},"end":{"line":41,"column":null}},"90":{"start":{"line":42,"column":10},"end":{"line":42,"column":null}},"91":{"start":{"line":49,"column":8},"end":{"line":49,"column":null}},"92":{"start":{"line":55,"column":6},"end":{"line":55,"column":null}},"93":{"start":{"line":57,"column":6},"end":{"line":57,"column":null}},"94":{"start":{"line":58,"column":27},"end":{"line":58,"column":42}},"95":{"start":{"line":58,"column":42},"end":{"line":58,"column":null}},"96":{"start":{"line":59,"column":8},"end":{"line":59,"column":null}},"97":{"start":{"line":60,"column":10},"end":{"line":60,"column":null}},"98":{"start":{"line":61,"column":12},"end":{"line":61,"column":null}},"99":{"start":{"line":62,"column":10},"end":{"line":62,"column":null}},"100":{"start":{"line":63,"column":10},"end":{"line":63,"column":null}},"101":{"start":{"line":70,"column":8},"end":{"line":70,"column":null}},"102":{"start":{"line":75,"column":6},"end":{"line":75,"column":null}},"103":{"start":{"line":77,"column":6},"end":{"line":77,"column":null}},"104":{"start":{"line":78,"column":30},"end":{"line":78,"column":40}},"105":{"start":{"line":78,"column":40},"end":{"line":78,"column":null}},"106":{"start":{"line":79,"column":8},"end":{"line":79,"column":null}},"107":{"start":{"line":80,"column":10},"end":{"line":80,"column":null}},"108":{"start":{"line":81,"column":12},"end":{"line":81,"column":null}},"109":{"start":{"line":82,"column":10},"end":{"line":82,"column":null}},"110":{"start":{"line":83,"column":10},"end":{"line":83,"column":null}},"111":{"start":{"line":90,"column":8},"end":{"line":90,"column":null}},"112":{"start":{"line":95,"column":6},"end":{"line":95,"column":null}},"113":{"start":{"line":97,"column":6},"end":{"line":97,"column":null}},"114":{"start":{"line":98,"column":37},"end":{"line":98,"column":55}},"115":{"start":{"line":98,"column":55},"end":{"line":98,"column":null}},"116":{"start":{"line":99,"column":8},"end":{"line":99,"column":null}},"117":{"start":{"line":100,"column":10},"end":{"line":100,"column":null}},"118":{"start":{"line":101,"column":12},"end":{"line":101,"column":null}},"119":{"start":{"line":102,"column":10},"end":{"line":102,"column":null}},"120":{"start":{"line":103,"column":10},"end":{"line":103,"column":null}},"121":{"start":{"line":110,"column":8},"end":{"line":110,"column":null}},"122":{"start":{"line":115,"column":6},"end":{"line":115,"column":null}},"123":{"start":{"line":121,"column":6},"end":{"line":121,"column":47}},"124":{"start":{"line":122,"column":8},"end":{"line":122,"column":45}},"125":{"start":{"line":129,"column":6},"end":{"line":129,"column":null}},"126":{"start":{"line":131,"column":6},"end":{"line":131,"column":null}},"127":{"start":{"line":132,"column":11},"end":{"line":132,"column":36}},"128":{"start":{"line":132,"column":36},"end":{"line":132,"column":59}},"129":{"start":{"line":132,"column":59},"end":{"line":132,"column":66}},"130":{"start":{"line":132,"column":66},"end":{"line":135,"column":null}},"131":{"start":{"line":13,"column":10},"end":{"line":13,"column":37}},"132":{"start":{"line":47,"column":12},"end":{"line":47,"column":null}},"133":{"start":{"line":50,"column":36},"end":{"line":50,"column":null}},"134":{"start":{"line":68,"column":12},"end":{"line":68,"column":null}},"135":{"start":{"line":71,"column":36},"end":{"line":71,"column":null}},"136":{"start":{"line":88,"column":12},"end":{"line":88,"column":null}},"137":{"start":{"line":91,"column":36},"end":{"line":91,"column":null}},"138":{"start":{"line":108,"column":12},"end":{"line":108,"column":null}},"139":{"start":{"line":111,"column":36},"end":{"line":111,"column":null}},"140":{"start":{"line":117,"column":39},"end":{"line":117,"column":null}},"141":{"start":{"line":121,"column":47},"end":{"line":121,"column":null}},"142":{"start":{"line":122,"column":15},"end":{"line":122,"column":31}},"143":{"start":{"line":123,"column":15},"end":{"line":123,"column":null}}},"fnMap":{"0":{"name":"Register_Template_form_ngSubmit_10_listener","decl":{"start":{"line":13,"column":37},"end":{"line":13,"column":49}},"loc":{"start":{"line":13,"column":37},"end":{"line":13,"column":null}},"line":13}},"branchMap":{"0":{"loc":{"start":{"line":47,"column":12},"end":{"line":47,"column":null}},"type":"binary-expr","locations":[{"start":{"line":47,"column":12},"end":{"line":47,"column":null}},{"start":{"line":47,"column":12},"end":{"line":47,"column":null}}],"line":47},"1":{"loc":{"start":{"line":50,"column":36},"end":{"line":50,"column":null}},"type":"binary-expr","locations":[{"start":{"line":50,"column":36},"end":{"line":50,"column":null}},{"start":{"line":50,"column":36},"end":{"line":50,"column":null}}],"line":50},"2":{"loc":{"start":{"line":68,"column":12},"end":{"line":68,"column":null}},"type":"binary-expr","locations":[{"start":{"line":68,"column":12},"end":{"line":68,"column":null}},{"start":{"line":68,"column":12},"end":{"line":68,"column":null}}],"line":68},"3":{"loc":{"start":{"line":71,"column":36},"end":{"line":71,"column":null}},"type":"binary-expr","locations":[{"start":{"line":71,"column":36},"end":{"line":71,"column":null}},{"start":{"line":71,"column":36},"end":{"line":71,"column":null}}],"line":71},"4":{"loc":{"start":{"line":88,"column":12},"end":{"line":88,"column":null}},"type":"binary-expr","locations":[{"start":{"line":88,"column":12},"end":{"line":88,"column":null}},{"start":{"line":88,"column":12},"end":{"line":88,"column":null}}],"line":88},"5":{"loc":{"start":{"line":91,"column":36},"end":{"line":91,"column":null}},"type":"binary-expr","locations":[{"start":{"line":91,"column":36},"end":{"line":91,"column":null}},{"start":{"line":91,"column":36},"end":{"line":91,"column":null}}],"line":91},"6":{"loc":{"start":{"line":108,"column":12},"end":{"line":108,"column":null}},"type":"binary-expr","locations":[{"start":{"line":108,"column":12},"end":{"line":108,"column":null}},{"start":{"line":108,"column":12},"end":{"line":108,"column":null}}],"line":108},"7":{"loc":{"start":{"line":111,"column":36},"end":{"line":111,"column":null}},"type":"binary-expr","locations":[{"start":{"line":111,"column":36},"end":{"line":111,"column":null}},{"start":{"line":111,"column":36},"end":{"line":111,"column":null}}],"line":111}},"s":{"0":0,"1":0,"2":0,"3":0,"4":0,"5":0,"6":0,"7":0,"8":0,"9":23,"10":0,"11":0,"12":0,"13":0,"14":0,"15":0,"16":0,"17":0,"18":0,"19":0,"20":0,"21":23,"22":0,"23":0,"24":0,"25":0,"26":0,"27":0,"28":0,"29":0,"30":0,"31":0,"32":23,"33":0,"34":0,"35":0,"36":0,"37":0,"38":0,"39":0,"40":0,"41":0,"42":0,"43":23,"44":0,"45":0,"46":0,"47":0,"48":23,"49":0,"50":0,"51":23,"52":23,"53":23,"54":0,"55":0,"56":0,"57":0,"58":0,"59":0,"60":23,"61":23,"62":23,"63":23,"64":23,"65":23,"66":23,"67":23,"68":23,"69":23,"70":23,"71":23,"72":0,"73":23,"74":23,"75":23,"76":23,"77":23,"78":23,"79":23,"80":23,"81":23,"82":23,"83":23,"84":23,"85":23,"86":23,"87":23,"88":23,"89":23,"90":23,"91":23,"92":23,"93":23,"94":23,"95":23,"96":23,"97":23,"98":23,"99":23,"100":23,"101":23,"102":23,"103":23,"104":23,"105":23,"106":23,"107":23,"108":23,"109":23,"110":23,"111":23,"112":23,"113":23,"114":23,"115":23,"116":23,"117":23,"118":23,"119":23,"120":23,"121":23,"122":23,"123":23,"124":23,"125":23,"126":23,"127":23,"128":23,"129":23,"130":23,"131":46,"132":46,"133":46,"134":46,"135":46,"136":46,"137":46,"138":46,"139":46,"140":46,"141":46,"142":46,"143":46},"f":{"0":0},"b":{"0":[46,0],"1":[46,0],"2":[46,0],"3":[46,0],"4":[46,0],"5":[46,0],"6":[46,0],"7":[46,0]},"meta":{"lastBranch":8,"lastFunction":1,"lastStatement":144,"seen":{"s:51:10:51:17":0,"s:51:57:51:77":1,"s:51:77:51:Infinity":2,"s:52:10:52:17":3,"s:52:58:52:96":4,"s:52:96:52:Infinity":5,"s:53:10:53:17":6,"s:53:58:53:98":7,"s:53:98:53:Infinity":8,"s:50:8:50:36":9,"s:51:10:52:96":10,"s:54:8:54:Infinity":11,"s:51:17:51:57":12,"s:52:17:52:58":13,"s:53:17:53:58":14,"s:72:10:72:17":15,"s:72:54:72:71":16,"s:72:71:72:Infinity":17,"s:73:10:73:17":18,"s:73:51:73:77":19,"s:73:77:73:Infinity":20,"s:71:8:71:36":21,"s:72:10:72:71":22,"s:74:8:74:Infinity":23,"s:72:17:72:54":24,"s:73:17:73:51":25,"s:92:10:92:17":26,"s:92:57:92:77":27,"s:92:77:92:Infinity":28,"s:93:10:93:17":29,"s:93:58:93:96":30,"s:93:96:93:Infinity":31,"s:91:8:91:36":32,"s:92:10:92:77":33,"s:94:8:94:Infinity":34,"s:92:17:92:57":35,"s:93:17:93:58":36,"s:112:10:112:17":37,"s:112:64:112:92":38,"s:112:92:112:Infinity":39,"s:113:10:113:17":40,"s:113:72:113:94":41,"s:113:94:113:Infinity":42,"s:111:8:111:36":43,"s:112:10:112:92":44,"s:114:8:114:Infinity":45,"s:112:17:112:64":46,"s:113:17:113:72":47,"s:117:6:117:39":48,"s:118:8:118:Infinity":49,"s:119:6:119:Infinity":50,"s:122:8:122:15":51,"s:122:31:122:45":52,"s:122:45:122:Infinity":53,"s:123:8:123:15":54,"s:124:10:124:Infinity":55,"s:125:12:125:Infinity":56,"s:126:10:126:Infinity":57,"s:127:10:127:Infinity":58,"s:128:8:128:Infinity":59,"s:1:0:3:Infinity":60,"s:5:8:5:Infinity":61,"s:6:10:6:Infinity":62,"s:7:8:7:Infinity":63,"s:9:6:9:10":64,"s:9:10:9:24":65,"s:9:24:9:Infinity":66,"s:10:6:10:9":67,"s:10:9:10:46":68,"s:10:46:10:Infinity":69,"s:13:4:13:10":70,"s:13:37:13:Infinity":71,"f:13:37:13:49":0,"s:13:37:13:59":72,"s:14:6:15:Infinity":73,"s:16:33:16:43":74,"s:16:43:16:Infinity":75,"s:17:10:17:Infinity":76,"s:23:8:23:Infinity":77,"s:25:8:25:Infinity":78,"s:26:32:26:41":79,"s:26:41:26:Infinity":80,"s:27:10:27:Infinity":81,"s:33:8:33:Infinity":82,"s:36:6:36:Infinity":83,"s:37:30:37:40":84,"s:37:40:37:Infinity":85,"s:38:8:38:Infinity":86,"s:39:10:39:Infinity":87,"s:40:12:40:Infinity":88,"s:41:10:41:Infinity":89,"s:42:10:42:Infinity":90,"s:49:8:49:Infinity":91,"s:55:6:55:Infinity":92,"s:57:6:57:Infinity":93,"s:58:27:58:42":94,"s:58:42:58:Infinity":95,"s:59:8:59:Infinity":96,"s:60:10:60:Infinity":97,"s:61:12:61:Infinity":98,"s:62:10:62:Infinity":99,"s:63:10:63:Infinity":100,"s:70:8:70:Infinity":101,"s:75:6:75:Infinity":102,"s:77:6:77:Infinity":103,"s:78:30:78:40":104,"s:78:40:78:Infinity":105,"s:79:8:79:Infinity":106,"s:80:10:80:Infinity":107,"s:81:12:81:Infinity":108,"s:82:10:82:Infinity":109,"s:83:10:83:Infinity":110,"s:90:8:90:Infinity":111,"s:95:6:95:Infinity":112,"s:97:6:97:Infinity":113,"s:98:37:98:55":114,"s:98:55:98:Infinity":115,"s:99:8:99:Infinity":116,"s:100:10:100:Infinity":117,"s:101:12:101:Infinity":118,"s:102:10:102:Infinity":119,"s:103:10:103:Infinity":120,"s:110:8:110:Infinity":121,"s:115:6:115:Infinity":122,"s:121:6:121:47":123,"s:122:8:122:45":124,"s:129:6:129:Infinity":125,"s:131:6:131:Infinity":126,"s:132:11:132:36":127,"s:132:36:132:59":128,"s:132:59:132:66":129,"s:132:66:135:Infinity":130,"s:13:10:13:37":131,"s:47:12:47:Infinity":132,"b:47:12:47:Infinity:47:12:47:Infinity":0,"s:50:36:50:Infinity":133,"b:50:36:50:Infinity:50:36:50:Infinity":1,"s:68:12:68:Infinity":134,"b:68:12:68:Infinity:68:12:68:Infinity":2,"s:71:36:71:Infinity":135,"b:71:36:71:Infinity:71:36:71:Infinity":3,"s:88:12:88:Infinity":136,"b:88:12:88:Infinity:88:12:88:Infinity":4,"s:91:36:91:Infinity":137,"b:91:36:91:Infinity:91:36:91:Infinity":5,"s:108:12:108:Infinity":138,"b:108:12:108:Infinity:108:12:108:Infinity":6,"s:111:36:111:Infinity":139,"b:111:36:111:Infinity:111:36:111:Infinity":7,"s:117:39:117:Infinity":140,"s:121:47:121:Infinity":141,"s:122:15:122:31":142,"s:123:15:123:Infinity":143}}}
,"C:\\Users\\KIIT\\Downloads\\chubb_workspace\\flightapp-docker\\flight-booking-app\\src\\app\\components\\register\\register.ts": {"path":"C:\\Users\\KIIT\\Downloads\\chubb_workspace\\flightapp-docker\\flight-booking-app\\src\\app\\components\\register\\register.ts","statementMap":{"0":{"start":{"line":14,"column":12},"end":{"line":14,"column":null}},"1":{"start":{"line":15,"column":14},"end":{"line":15,"column":null}},"2":{"start":{"line":16,"column":10},"end":{"line":16,"column":null}},"3":{"start":{"line":19,"column":12},"end":{"line":19,"column":null}},"4":{"start":{"line":20,"column":12},"end":{"line":20,"column":null}},"5":{"start":{"line":21,"column":12},"end":{"line":21,"column":26}},"6":{"start":{"line":25,"column":4},"end":{"line":27,"column":null}},"7":{"start":{"line":26,"column":6},"end":{"line":26,"column":null}},"8":{"start":{"line":29,"column":4},"end":{"line":36,"column":null}},"9":{"start":{"line":40,"column":21},"end":{"line":40,"column":null}},"10":{"start":{"line":41,"column":28},"end":{"line":41,"column":null}},"11":{"start":{"line":43,"column":4},"end":{"line":46,"column":null}},"12":{"start":{"line":44,"column":6},"end":{"line":44,"column":null}},"13":{"start":{"line":45,"column":6},"end":{"line":45,"column":null}},"14":{"start":{"line":47,"column":4},"end":{"line":47,"column":null}},"15":{"start":{"line":51,"column":4},"end":{"line":51,"column":null}},"16":{"start":{"line":55,"column":4},"end":{"line":55,"column":null}},"17":{"start":{"line":56,"column":4},"end":{"line":56,"column":null}},"18":{"start":{"line":58,"column":4},"end":{"line":60,"column":null}},"19":{"start":{"line":59,"column":6},"end":{"line":59,"column":null}},"20":{"start":{"line":62,"column":4},"end":{"line":62,"column":null}},"21":{"start":{"line":63,"column":49},"end":{"line":63,"column":null}},"22":{"start":{"line":63,"column":49},"end":{"line":63,"column":54}},"23":{"start":{"line":63,"column":32},"end":{"line":63,"column":32}},"24":{"start":{"line":65,"column":4},"end":{"line":73,"column":null}},"25":{"start":{"line":67,"column":8},"end":{"line":67,"column":null}},"26":{"start":{"line":70,"column":8},"end":{"line":70,"column":null}},"27":{"start":{"line":71,"column":8},"end":{"line":71,"column":null}},"28":{"start":{"line":12,"column":13},"end":{"line":12,"column":null}}},"fnMap":{"0":{"name":"(anonymous_0)","decl":{"start":{"line":18,"column":2},"end":{"line":18,"column":null}},"loc":{"start":{"line":21,"column":26},"end":{"line":22,"column":null}},"line":21},"1":{"name":"(anonymous_1)","decl":{"start":{"line":24,"column":2},"end":{"line":24,"column":10}},"loc":{"start":{"line":24,"column":10},"end":{"line":37,"column":null}},"line":24},"2":{"name":"(anonymous_2)","decl":{"start":{"line":39,"column":2},"end":{"line":39,"column":25}},"loc":{"start":{"line":39,"column":45},"end":{"line":48,"column":null}},"line":39},"3":{"name":"(anonymous_3)","decl":{"start":{"line":50,"column":6},"end":{"line":50,"column":7}},"loc":{"start":{"line":50,"column":7},"end":{"line":52,"column":null}},"line":50},"4":{"name":"(anonymous_4)","decl":{"start":{"line":54,"column":2},"end":{"line":54,"column":10}},"loc":{"start":{"line":54,"column":10},"end":{"line":74,"column":null}},"line":54},"5":{"name":"(anonymous_5)","decl":{"start":{"line":66,"column":12},"end":{"line":66,"column":13}},"loc":{"start":{"line":66,"column":25},"end":{"line":68,"column":null}},"line":66},"6":{"name":"(anonymous_6)","decl":{"start":{"line":69,"column":13},"end":{"line":69,"column":14}},"loc":{"start":{"line":69,"column":23},"end":{"line":72,"column":null}},"line":69}},"branchMap":{"0":{"loc":{"start":{"line":25,"column":4},"end":{"line":27,"column":null}},"type":"if","locations":[{"start":{"line":25,"column":4},"end":{"line":27,"column":null}},{"start":{},"end":{}}],"line":25},"1":{"loc":{"start":{"line":43,"column":4},"end":{"line":46,"column":null}},"type":"if","locations":[{"start":{"line":43,"column":4},"end":{"line":46,"column":null}},{"start":{},"end":{}}],"line":43},"2":{"loc":{"start":{"line":43,"column":8},"end":{"line":43,"column":81}},"type":"binary-expr","locations":[{"start":{"line":43,"column":8},"end":{"line":43,"column":20}},{"start":{"line":43,"column":20},"end":{"line":43,"column":39}},{"start":{"line":43,"column":39},"end":{"line":43,"column":81}}],"line":43},"3":{"loc":{"start":{"line":58,"column":4},"end":{"line":60,"column":null}},"type":"if","locations":[{"start":{"line":58,"column":4},"end":{"line":60,"column":null}},{"start":{},"end":{}}],"line":58},"4":{"loc":{"start":{"line":70,"column":21},"end":{"line":70,"column":null}},"type":"binary-expr","locations":[{"start":{"line":70,"column":21},"end":{"line":70,"column":45}},{"start":{"line":70,"column":45},"end":{"line":70,"column":null}}],"line":70},"5":{"loc":{"start":{"line":12,"column":13},"end":{"line":12,"column":21}},"type":"binary-expr","locations":[{"start":{"line":12,"column":13},"end":{"line":12,"column":21}},{"start":{"line":12,"column":13},"end":{"line":12,"column":21}}],"line":12},"6":{"loc":{"start":{"line":12,"column":13},"end":{"line":12,"column":null}},"type":"binary-expr","locations":[{"start":{"line":12,"column":13},"end":{"line":12,"column":21}},{"start":{"line":12,"column":13},"end":{"line":12,"column":21}},{"start":{"line":12,"column":13},"end":{"line":12,"column":null}}],"line":12}},"s":{"0":23,"1":23,"2":23,"3":23,"4":23,"5":23,"6":45,"7":1,"8":45,"9":228,"10":228,"11":228,"12":5,"13":5,"14":223,"15":1,"16":8,"17":8,"18":8,"19":1,"20":7,"21":7,"22":7,"23":7,"24":7,"25":5,"26":2,"27":2,"28":1},"f":{"0":23,"1":45,"2":228,"3":1,"4":8,"5":5,"6":2},"b":{"0":[1,44],"1":[5,223],"2":[228,228,228],"3":[1,7],"4":[2,1],"5":[23,23],"6":[1,1,1]},"meta":{"lastBranch":7,"lastFunction":7,"lastStatement":29,"seen":{"s:14:12:14:Infinity":0,"s:15:14:15:Infinity":1,"s:16:10:16:Infinity":2,"f:18:2:18:Infinity":0,"s:19:12:19:Infinity":3,"s:20:12:20:Infinity":4,"s:21:12:21:26":5,"f:24:2:24:10":1,"b:25:4:27:Infinity:undefined:undefined:undefined:undefined":0,"s:25:4:27:Infinity":6,"s:26:6:26:Infinity":7,"s:29:4:36:Infinity":8,"f:39:2:39:25":2,"s:40:21:40:Infinity":9,"s:41:28:41:Infinity":10,"b:43:4:46:Infinity:undefined:undefined:undefined:undefined":1,"s:43:4:46:Infinity":11,"b:43:8:43:20:43:20:43:39:43:39:43:81":2,"s:44:6:44:Infinity":12,"s:45:6:45:Infinity":13,"s:47:4:47:Infinity":14,"f:50:6:50:7":3,"s:51:4:51:Infinity":15,"f:54:2:54:10":4,"s:55:4:55:Infinity":16,"s:56:4:56:Infinity":17,"b:58:4:60:Infinity:undefined:undefined:undefined:undefined":3,"s:58:4:60:Infinity":18,"s:59:6:59:Infinity":19,"s:62:4:62:Infinity":20,"s:63:49:63:Infinity":21,"s:63:49:63:54":22,"s:63:32:63:32":23,"s:65:4:73:Infinity":24,"f:66:12:66:13":5,"s:67:8:67:Infinity":25,"f:69:13:69:14":6,"s:70:8:70:Infinity":26,"b:70:21:70:45:70:45:70:Infinity":4,"s:71:8:71:Infinity":27,"s:12:13:12:Infinity":28,"b:12:13:12:21:12:13:12:21":5,"b:12:13:12:21:12:13:12:21:12:13:12:Infinity":6}}}
,"C:\\Users\\KIIT\\Downloads\\chubb_workspace\\flightapp-docker\\flight-booking-app\\src\\app\\guards\\auth-guard.ts": {"path":"C:\\Users\\KIIT\\Downloads\\chubb_workspace\\flightapp-docker\\flight-booking-app\\src\\app\\guards\\auth-guard.ts","statementMap":{"0":{"start":{"line":5,"column":40},"end":{"line":15,"column":null}},"1":{"start":{"line":6,"column":8},"end":{"line":6,"column":null}},"2":{"start":{"line":7,"column":8},"end":{"line":7,"column":null}},"3":{"start":{"line":9,"column":2},"end":{"line":11,"column":null}},"4":{"start":{"line":10,"column":4},"end":{"line":10,"column":null}},"5":{"start":{"line":13,"column":2},"end":{"line":13,"column":null}},"6":{"start":{"line":14,"column":2},"end":{"line":14,"column":null}}},"fnMap":{"0":{"name":"(anonymous_0)","decl":{"start":{"line":5,"column":40},"end":{"line":5,"column":41}},"loc":{"start":{"line":5,"column":57},"end":{"line":15,"column":null}},"line":5}},"branchMap":{"0":{"loc":{"start":{"line":9,"column":2},"end":{"line":11,"column":null}},"type":"if","locations":[{"start":{"line":9,"column":2},"end":{"line":11,"column":null}},{"start":{},"end":{}}],"line":9}},"s":{"0":1,"1":4,"2":4,"3":4,"4":1,"5":3,"6":3},"f":{"0":4},"b":{"0":[1,3]},"meta":{"lastBranch":1,"lastFunction":1,"lastStatement":7,"seen":{"s:5:40:15:Infinity":0,"f:5:40:5:41":0,"s:6:8:6:Infinity":1,"s:7:8:7:Infinity":2,"b:9:2:11:Infinity:undefined:undefined:undefined:undefined":0,"s:9:2:11:Infinity":3,"s:10:4:10:Infinity":4,"s:13:2:13:Infinity":5,"s:14:2:14:Infinity":6}}}
,"C:\\Users\\KIIT\\Downloads\\chubb_workspace\\flightapp-docker\\flight-booking-app\\src\\app\\services\\auth.ts": {"path":"C:\\Users\\KIIT\\Downloads\\chubb_workspace\\flightapp-docker\\flight-booking-app\\src\\app\\services\\auth.ts","statementMap":{"0":{"start":{"line":11,"column":19},"end":{"line":11,"column":null}},"1":{"start":{"line":10,"column":13},"end":{"line":8,"column":null}},"2":{"start":{"line":15,"column":22},"end":{"line":15,"column":48}},"3":{"start":{"line":15,"column":48},"end":{"line":15,"column":62}},"4":{"start":{"line":16,"column":23},"end":{"line":16,"column":null}},"5":{"start":{"line":17,"column":4},"end":{"line":18,"column":null}},"6":{"start":{"line":20,"column":4},"end":{"line":20,"column":null}},"7":{"start":{"line":24,"column":4},"end":{"line":24,"column":null}},"8":{"start":{"line":28,"column":4},"end":{"line":40,"column":null}},"9":{"start":{"line":30,"column":8},"end":{"line":39,"column":null}},"10":{"start":{"line":37,"column":10},"end":{"line":37,"column":null}},"11":{"start":{"line":38,"column":10},"end":{"line":38,"column":null}},"12":{"start":{"line":45,"column":4},"end":{"line":57,"column":null}},"13":{"start":{"line":47,"column":8},"end":{"line":56,"column":null}},"14":{"start":{"line":54,"column":10},"end":{"line":54,"column":null}},"15":{"start":{"line":55,"column":10},"end":{"line":55,"column":null}},"16":{"start":{"line":62,"column":4},"end":{"line":62,"column":null}},"17":{"start":{"line":63,"column":4},"end":{"line":63,"column":null}},"18":{"start":{"line":64,"column":4},"end":{"line":64,"column":null}},"19":{"start":{"line":68,"column":4},"end":{"line":68,"column":null}},"20":{"start":{"line":72,"column":4},"end":{"line":72,"column":null}},"21":{"start":{"line":10,"column":13},"end":{"line":10,"column":null}}},"fnMap":{"0":{"name":"(anonymous_0)","decl":{"start":{"line":15,"column":2},"end":{"line":15,"column":22}},"loc":{"start":{"line":15,"column":62},"end":{"line":21,"column":null}},"line":15},"1":{"name":"(anonymous_1)","decl":{"start":{"line":23,"column":13},"end":{"line":23,"column":29}},"loc":{"start":{"line":23,"column":29},"end":{"line":25,"column":null}},"line":23},"2":{"name":"(anonymous_2)","decl":{"start":{"line":27,"column":2},"end":{"line":27,"column":8}},"loc":{"start":{"line":27,"column":33},"end":{"line":42,"column":null}},"line":27},"3":{"name":"(anonymous_3)","decl":{"start":{"line":29,"column":10},"end":{"line":29,"column":21}},"loc":{"start":{"line":29,"column":21},"end":{"line":40,"column":7}},"line":29},"4":{"name":"(anonymous_4)","decl":{"start":{"line":44,"column":2},"end":{"line":44,"column":11}},"loc":{"start":{"line":44,"column":32},"end":{"line":59,"column":null}},"line":44},"5":{"name":"(anonymous_5)","decl":{"start":{"line":46,"column":10},"end":{"line":46,"column":21}},"loc":{"start":{"line":46,"column":21},"end":{"line":57,"column":7}},"line":46},"6":{"name":"(anonymous_6)","decl":{"start":{"line":61,"column":2},"end":{"line":61,"column":8}},"loc":{"start":{"line":61,"column":8},"end":{"line":65,"column":null}},"line":61},"7":{"name":"(anonymous_7)","decl":{"start":{"line":67,"column":2},"end":{"line":67,"column":17}},"loc":{"start":{"line":67,"column":17},"end":{"line":69,"column":null}},"line":67},"8":{"name":"(anonymous_8)","decl":{"start":{"line":71,"column":2},"end":{"line":71,"column":10}},"loc":{"start":{"line":71,"column":10},"end":{"line":73,"column":null}},"line":71}},"branchMap":{"0":{"loc":{"start":{"line":18,"column":6},"end":{"line":18,"column":48}},"type":"cond-expr","locations":[{"start":{"line":18,"column":19},"end":{"line":18,"column":44}},{"start":{"line":18,"column":44},"end":{"line":18,"column":48}}],"line":18},"1":{"loc":{"start":{"line":30,"column":8},"end":{"line":39,"column":null}},"type":"if","locations":[{"start":{"line":30,"column":8},"end":{"line":39,"column":null}},{"start":{},"end":{}}],"line":30},"2":{"loc":{"start":{"line":47,"column":8},"end":{"line":56,"column":null}},"type":"if","locations":[{"start":{"line":47,"column":8},"end":{"line":56,"column":null}},{"start":{},"end":{}}],"line":47},"3":{"loc":{"start":{"line":72,"column":11},"end":{"line":72,"column":null}},"type":"binary-expr","locations":[{"start":{"line":72,"column":11},"end":{"line":72,"column":43}},{"start":{"line":72,"column":43},"end":{"line":72,"column":null}}],"line":72},"4":{"loc":{"start":{"line":10,"column":13},"end":{"line":10,"column":17}},"type":"binary-expr","locations":[{"start":{"line":10,"column":13},"end":{"line":10,"column":17}},{"start":{"line":10,"column":13},"end":{"line":10,"column":17}}],"line":10}},"s":{"0":18,"1":4,"2":18,"3":18,"4":18,"5":18,"6":18,"7":7,"8":3,"9":3,"10":3,"11":3,"12":2,"13":2,"14":2,"15":2,"16":2,"17":2,"18":2,"19":2,"20":2,"21":18},"f":{"0":18,"1":7,"2":3,"3":3,"4":2,"5":2,"6":2,"7":2,"8":2},"b":{"0":[2,16],"1":[3,0],"2":[2,0],"3":[2,1],"4":[18,18]},"meta":{"lastBranch":5,"lastFunction":9,"lastStatement":22,"seen":{"s:11:19:11:Infinity":0,"s:10:13:8:Infinity":1,"f:15:2:15:22":0,"s:15:22:15:48":2,"s:15:48:15:62":3,"s:16:23:16:Infinity":4,"s:17:4:18:Infinity":5,"b:18:19:18:44:18:44:18:48":0,"s:20:4:20:Infinity":6,"f:23:13:23:29":1,"s:24:4:24:Infinity":7,"f:27:2:27:8":2,"s:28:4:40:Infinity":8,"f:29:10:29:21":3,"b:30:8:39:Infinity:undefined:undefined:undefined:undefined":1,"s:30:8:39:Infinity":9,"s:37:10:37:Infinity":10,"s:38:10:38:Infinity":11,"f:44:2:44:11":4,"s:45:4:57:Infinity":12,"f:46:10:46:21":5,"b:47:8:56:Infinity:undefined:undefined:undefined:undefined":2,"s:47:8:56:Infinity":13,"s:54:10:54:Infinity":14,"s:55:10:55:Infinity":15,"f:61:2:61:8":6,"s:62:4:62:Infinity":16,"s:63:4:63:Infinity":17,"s:64:4:64:Infinity":18,"f:67:2:67:17":7,"s:68:4:68:Infinity":19,"f:71:2:71:10":8,"s:72:4:72:Infinity":20,"b:72:11:72:43:72:43:72:Infinity":3,"s:10:13:10:Infinity":21,"b:10:13:10:17:10:13:10:17":4}}}
,"C:\\Users\\KIIT\\Downloads\\chubb_workspace\\flightapp-docker\\flight-booking-app\\src\\app\\services\\flight.ts": {"path":"C:\\Users\\KIIT\\Downloads\\chubb_workspace\\flightapp-docker\\flight-booking-app\\src\\app\\services\\flight.ts","statementMap":{"0":{"start":{"line":10,"column":19},"end":{"line":10,"column":null}},"1":{"start":{"line":9,"column":13},"end":{"line":7,"column":null}},"2":{"start":{"line":12,"column":22},"end":{"line":12,"column":38}},"3":{"start":{"line":15,"column":4},"end":{"line":15,"column":null}},"4":{"start":{"line":19,"column":4},"end":{"line":19,"column":null}},"5":{"start":{"line":9,"column":13},"end":{"line":9,"column":null}}},"fnMap":{"0":{"name":"(anonymous_0)","decl":{"start":{"line":12,"column":2},"end":{"line":12,"column":22}},"loc":{"start":{"line":12,"column":38},"end":{"line":12,"column":null}},"line":12},"1":{"name":"(anonymous_1)","decl":{"start":{"line":14,"column":2},"end":{"line":14,"column":16}},"loc":{"start":{"line":14,"column":50},"end":{"line":16,"column":null}},"line":14},"2":{"name":"(anonymous_2)","decl":{"start":{"line":18,"column":2},"end":{"line":18,"column":16}},"loc":{"start":{"line":18,"column":26},"end":{"line":20,"column":null}},"line":18}},"branchMap":{"0":{"loc":{"start":{"line":9,"column":13},"end":{"line":9,"column":26}},"type":"binary-expr","locations":[{"start":{"line":9,"column":13},"end":{"line":9,"column":26}},{"start":{"line":9,"column":13},"end":{"line":9,"column":26}}],"line":9}},"s":{"0":8,"1":2,"2":8,"3":4,"4":3,"5":8},"f":{"0":8,"1":4,"2":3},"b":{"0":[8,8]},"meta":{"lastBranch":1,"lastFunction":3,"lastStatement":6,"seen":{"s:10:19:10:Infinity":0,"s:9:13:7:Infinity":1,"f:12:2:12:22":0,"s:12:22:12:38":2,"f:14:2:14:16":1,"s:15:4:15:Infinity":3,"f:18:2:18:16":2,"s:19:4:19:Infinity":4,"s:9:13:9:Infinity":5,"b:9:13:9:26:9:13:9:26":0}}}
}
